#
# There is insufficient memory for the Java Runtime Environment to continue.
# Native memory allocation (malloc) failed to allocate 141136 bytes for Chunk::new
# Possible reasons:
#   The system is out of physical RAM or swap space
#   The process is running with CompressedOops enabled, and the Java Heap may be blocking the growth of the native heap
# Possible solutions:
#   Reduce memory load on the system
#   Increase physical memory or swap space
#   Check if swap backing store is full
#   Decrease Java heap size (-Xmx/-Xms)
#   Decrease number of Java threads
#   Decrease Java thread stack sizes (-Xss)
#   Set larger code cache with -XX:ReservedCodeCacheSize=
#   JVM is running with Unscaled Compressed Oops mode in which the Java heap is
#     placed in the first 4GB address space. The Java Heap base address is the
#     maximum limit for the native heap growth. Please use -XX:HeapBaseMinAddress
#     to set the Java Heap base and to place the Java Heap above 4GB virtual address.
# This output file may be truncated or incomplete.
#
#  Out of Memory Error (./open/src/hotspot/share/memory/arena.cpp:197), pid=2372, tid=12296
#
# JRE version: Java(TM) SE Runtime Environment 18.9 (11.0.9+7) (build 11.0.9+7-LTS)
# Java VM: Java HotSpot(TM) 64-Bit Server VM 18.9 (11.0.9+7-LTS, mixed mode, tiered, compressed oops, parallel gc, windows-amd64)
# No core dump will be written. Minidumps are not enabled by default on client versions of Windows
#

---------------  S U M M A R Y ------------

Command Line: --add-modules=ALL-SYSTEM --add-opens=java.base/java.util=ALL-UNNAMED --add-opens=java.base/java.lang=ALL-UNNAMED -Declipse.application=org.eclipse.jdt.ls.core.id1 -Dosgi.bundles.defaultStartLevel=4 -Declipse.product=org.eclipse.jdt.ls.core.product -Dfile.encoding=utf8 -DwatchParentProcess=false -XX:+UseParallelGC -XX:GCTimeRatio=4 -XX:AdaptiveSizePolicyWeight=90 -Dsun.zip.disableMemoryMapping=true -Xmx1G -Xms100m -Xverify:none c:\Users\Praveen\.vscode\extensions\redhat.java-0.72.0\server\plugins\org.eclipse.equinox.launcher_1.6.0.v20200915-1508.jar -configuration c:\Users\Praveen\AppData\Roaming\Code\User\globalStorage\redhat.java\0.72.0\config_win -data c:\Users\Praveen\AppData\Roaming\Code\User\workspaceStorage\0c0e2a1cbb4423d982ec21b0235cfd09\redhat.java\jdt_ws

Host: Intel(R) Core(TM) i3-7020U CPU @ 2.30GHz, 4 cores, 7G,  Windows 10 , 64 bit Build 19041 (10.0.19041.662)
Time: Tue Dec 15 15:59:39 2020 India Standard Time elapsed time: 6.283999 seconds (0d 0h 0m 6s)

---------------  T H R E A D  ---------------

Current thread (0x0000016a473ab800):  JavaThread "C2 CompilerThread1" daemon [_thread_in_native, id=12296, stack(0x00000019ecc00000,0x00000019ecd00000)]


Current CompileTask:
C2:   6284 2488       4       java.util.TreeMap::put (247 bytes)

Stack: [0x00000019ecc00000,0x00000019ecd00000]
Native frames: (J=compiled Java code, j=interpreted, Vv=VM code, C=native code)
V  [jvm.dll+0x611a3a]
V  [jvm.dll+0x748aaf]
V  [jvm.dll+0x74a135]
V  [jvm.dll+0x74a7b3]
V  [jvm.dll+0x2439f8]
V  [jvm.dll+0xba2bc]
V  [jvm.dll+0xba9bc]
V  [jvm.dll+0x3454e7]
V  [jvm.dll+0x194221]
V  [jvm.dll+0x1fd5a2]
V  [jvm.dll+0x1fc64f]
V  [jvm.dll+0x17f08c]
V  [jvm.dll+0x20bc54]
V  [jvm.dll+0x209d2b]
V  [jvm.dll+0x7103d9]
V  [jvm.dll+0x709114]
V  [jvm.dll+0x610cb6]
C  [ucrtbase.dll+0x214c2]
C  [KERNEL32.DLL+0x17034]
C  [ntdll.dll+0x4d0d1]


---------------  P R O C E S S  ---------------

Threads class SMR info:
_java_thread_list=0x0000016a4634ce40, length=21, elements={
0x0000016a2ab06800, 0x0000016a44916800, 0x0000016a44922800, 0x0000016a44985800,
0x0000016a44988800, 0x0000016a4498a000, 0x0000016a44935800, 0x0000016a4493b800,
0x0000016a45be8000, 0x0000016a45be8800, 0x0000016a45bea800, 0x0000016a45be9800,
0x0000016a45beb000, 0x0000016a45be7000, 0x0000016a45bec000, 0x0000016a45be6800,
0x0000016a45bed000, 0x0000016a4720c800, 0x0000016a4720d000, 0x0000016a473ab800,
0x0000016a4720e800
}

Java Threads: ( => current thread )
  0x0000016a2ab06800 JavaThread "main" [_thread_blocked, id=6608, stack(0x00000019eb300000,0x00000019eb400000)]
  0x0000016a44916800 JavaThread "Reference Handler" daemon [_thread_blocked, id=11660, stack(0x00000019eb600000,0x00000019eb700000)]
  0x0000016a44922800 JavaThread "Finalizer" daemon [_thread_blocked, id=14040, stack(0x00000019eb700000,0x00000019eb800000)]
  0x0000016a44985800 JavaThread "Signal Dispatcher" daemon [_thread_blocked, id=4068, stack(0x00000019eb800000,0x00000019eb900000)]
  0x0000016a44988800 JavaThread "Attach Listener" daemon [_thread_blocked, id=13876, stack(0x00000019eb900000,0x00000019eba00000)]
  0x0000016a4498a000 JavaThread "C2 CompilerThread0" daemon [_thread_blocked, id=10640, stack(0x00000019eba00000,0x00000019ebb00000)]
  0x0000016a44935800 JavaThread "C1 CompilerThread0" daemon [_thread_blocked, id=16088, stack(0x00000019ebb00000,0x00000019ebc00000)]
  0x0000016a4493b800 JavaThread "Sweeper thread" daemon [_thread_blocked, id=7500, stack(0x00000019ebc00000,0x00000019ebd00000)]
  0x0000016a45be8000 JavaThread "Common-Cleaner" daemon [_thread_blocked, id=13340, stack(0x00000019ebd00000,0x00000019ebe00000)]
  0x0000016a45be8800 JavaThread "Service Thread" daemon [_thread_blocked, id=6756, stack(0x00000019ebe00000,0x00000019ebf00000)]
  0x0000016a45bea800 JavaThread "Active Thread: Equinox Container: c4d0d7e1-b35c-4ae5-bcb6-43425aec1f31" [_thread_blocked, id=13156, stack(0x00000019ec100000,0x00000019ec200000)]
  0x0000016a45be9800 JavaThread "Framework Event Dispatcher: Equinox Container: c4d0d7e1-b35c-4ae5-bcb6-43425aec1f31" daemon [_thread_blocked, id=11720, stack(0x00000019ec200000,0x00000019ec300000)]
  0x0000016a45beb000 JavaThread "Start Level: Equinox Container: c4d0d7e1-b35c-4ae5-bcb6-43425aec1f31" daemon [_thread_in_vm, id=15228, stack(0x00000019ec300000,0x00000019ec400000)]
  0x0000016a45be7000 JavaThread "SCR Component Actor" daemon [_thread_blocked, id=8696, stack(0x00000019ec700000,0x00000019ec800000)]
  0x0000016a45bec000 JavaThread "Timer-0" daemon [_thread_blocked, id=15696, stack(0x00000019ec800000,0x00000019ec900000)]
  0x0000016a45be6800 JavaThread "Bundle File Closer" daemon [_thread_blocked, id=13852, stack(0x00000019ec900000,0x00000019eca00000)]
  0x0000016a45bed000 JavaThread "Worker-JM" [_thread_blocked, id=14404, stack(0x00000019ec000000,0x00000019ec100000)]
  0x0000016a4720c800 JavaThread "Worker-0" [_thread_blocked, id=15420, stack(0x00000019eca00000,0x00000019ecb00000)]
  0x0000016a4720d000 JavaThread "Worker-1" [_thread_blocked, id=13908, stack(0x00000019ecb00000,0x00000019ecc00000)]
=>0x0000016a473ab800 JavaThread "C2 CompilerThread1" daemon [_thread_in_native, id=12296, stack(0x00000019ecc00000,0x00000019ecd00000)]
  0x0000016a4720e800 JavaThread "Java indexing" daemon [_thread_blocked, id=6624, stack(0x00000019ecd00000,0x00000019ece00000)]

Other Threads:
  0x0000016a44850800 VMThread "VM Thread" [stack: 0x00000019eb500000,0x00000019eb600000] [id=15516]
  0x0000016a45c88800 WatcherThread [stack: 0x00000019ebf00000,0x00000019ec000000] [id=1372]
  0x0000016a2ab1f000 GCTaskThread "ParGC Thread#0" [stack: 0x00000019eb400000,0x00000019eb500000] [id=15384]
  0x0000016a4608d800 GCTaskThread "ParGC Thread#1" [stack: 0x00000019ec400000,0x00000019ec500000] [id=10760]
  0x0000016a4608e000 GCTaskThread "ParGC Thread#2" [stack: 0x00000019ec500000,0x00000019ec600000] [id=15828]
  0x0000016a4608f000 GCTaskThread "ParGC Thread#3" [stack: 0x00000019ec600000,0x00000019ec700000] [id=488]

Threads with active compile tasks:
C2 CompilerThread1   6402 2488       4       java.util.TreeMap::put (247 bytes)

VM state:not at safepoint (normal execution)

VM Mutex/Monitor currently owned by a thread: None

Heap address: 0x00000000c0000000, size: 1024 MB, Compressed Oops mode: 32-bit
Narrow klass base: 0x0000000000000000, Narrow klass shift: 3
Compressed class space size: 1073741824 Address: 0x0000000100000000

Heap:
 PSYoungGen      total 26112K, used 1724K [0x00000000eab00000, 0x00000000ec800000, 0x0000000100000000)
  eden space 25600K, 6% used [0x00000000eab00000,0x00000000eacaf118,0x00000000ec400000)
  from space 512K, 0% used [0x00000000ec780000,0x00000000ec780000,0x00000000ec800000)
  to   space 512K, 0% used [0x00000000ec700000,0x00000000ec700000,0x00000000ec780000)
 ParOldGen       total 68608K, used 10639K [0x00000000c0000000, 0x00000000c4300000, 0x00000000eab00000)
  object space 68608K, 15% used [0x00000000c0000000,0x00000000c0a63cd0,0x00000000c4300000)
 Metaspace       used 25320K, capacity 26550K, committed 26624K, reserved 1097728K
  class space    used 2337K, capacity 2788K, committed 2816K, reserved 1048576K

Card table byte_map: [0x0000016a2a500000,0x0000016a2a710000] _byte_map_base: 0x0000016a29f00000

Marking Bits: (ParMarkBitMap*) 0x00007ff90e6bf440
 Begin Bits: [0x0000016a41f90000, 0x0000016a42f90000)
 End Bits:   [0x0000016a42f90000, 0x0000016a43f90000)

Polling page: 0x0000016a2a2f0000

Metaspace:

Usage:
  Non-class:     23.21 MB capacity,    22.44 MB ( 97%) used,   728.98 KB (  3%) free+waste,    49.44 KB ( <1%) overhead. 
      Class:      2.72 MB capacity,     2.28 MB ( 84%) used,   427.41 KB ( 15%) free+waste,    23.44 KB ( <1%) overhead. 
       Both:     25.93 MB capacity,    24.73 MB ( 95%) used,     1.13 MB (  4%) free+waste,    72.88 KB ( <1%) overhead. 

Virtual space:
  Non-class space:       48.00 MB reserved,      23.25 MB ( 48%) committed 
      Class space:        1.00 GB reserved,       2.75 MB ( <1%) committed 
             Both:        1.05 GB reserved,      26.00 MB (  2%) committed 

Chunk freelists:
   Non-Class:  5.75 KB
       Class:  0 bytes
        Both:  5.75 KB

CodeHeap 'non-profiled nmethods': size=120064Kb used=822Kb max_used=822Kb free=119241Kb
 bounds [0x0000016a3aa50000, 0x0000016a3acc0000, 0x0000016a41f90000]
CodeHeap 'profiled nmethods': size=120000Kb used=5373Kb max_used=5373Kb free=114626Kb
 bounds [0x0000016a33520000, 0x0000016a33a70000, 0x0000016a3aa50000]
CodeHeap 'non-nmethods': size=5696Kb used=1170Kb max_used=1193Kb free=4525Kb
 bounds [0x0000016a32f90000, 0x0000016a33200000, 0x0000016a33520000]
 total_blobs=2897 nmethods=2391 adapters=419
 compilation: enabled
              stopped_count=0, restarted_count=0
 full_count=0

Compilation events (10 events):
Event: 6.254 Thread 0x0000016a44935800 2496       3       java.security.SecureClassLoader$1::<init> (15 bytes)
Event: 6.255 Thread 0x0000016a44935800 nmethod 2496 0x0000016a33a4d990 code [0x0000016a33a4db40, 0x0000016a33a4dd38]
Event: 6.255 Thread 0x0000016a44935800 2497       3       java.security.SecureClassLoader$CodeSourceKey::hashCode (21 bytes)
Event: 6.255 Thread 0x0000016a44935800 nmethod 2497 0x0000016a33a4de10 code [0x0000016a33a4dfc0, 0x0000016a33a4e1f0]
Event: 6.255 Thread 0x0000016a44935800 2498       3       java.nio.charset.Charset::checkName (157 bytes)
Event: 6.256 Thread 0x0000016a44935800 nmethod 2498 0x0000016a33a4e310 code [0x0000016a33a4e5a0, 0x0000016a33a4f2c0]
Event: 6.258 Thread 0x0000016a44935800 2499       3       java.security.CodeSource::<init> (52 bytes)
Event: 6.258 Thread 0x0000016a44935800 nmethod 2499 0x0000016a33a4f710 code [0x0000016a33a4f8e0, 0x0000016a33a4fd80]
Event: 6.258 Thread 0x0000016a44935800 2500       3       java.security.SecureClassLoader::getProtectionDomain (38 bytes)
Event: 6.259 Thread 0x0000016a44935800 nmethod 2500 0x0000016a33a4fe90 code [0x0000016a33a50080, 0x0000016a33a50650]

GC Heap History (10 events):
Event: 5.739 GC heap after
{Heap after GC invocations=6 (full 2):
 PSYoungGen      total 29696K, used 32K [0x00000000eab00000, 0x00000000ecc00000, 0x0000000100000000)
  eden space 25600K, 0% used [0x00000000eab00000,0x00000000eab00000,0x00000000ec400000)
  from space 4096K, 0% used [0x00000000ec800000,0x00000000ec808000,0x00000000ecc00000)
  to   space 4096K, 0% used [0x00000000ec400000,0x00000000ec400000,0x00000000ec800000)
 ParOldGen       total 68608K, used 9809K [0x00000000c0000000, 0x00000000c4300000, 0x00000000eab00000)
  object space 68608K, 14% used [0x00000000c0000000,0x00000000c09944f8,0x00000000c4300000)
 Metaspace       used 22714K, capacity 23669K, committed 23808K, reserved 1083392K
  class space    used 2088K, capacity 2483K, committed 2560K, reserved 1048576K
}
Event: 5.739 GC heap before
{Heap before GC invocations=7 (full 3):
 PSYoungGen      total 29696K, used 32K [0x00000000eab00000, 0x00000000ecc00000, 0x0000000100000000)
  eden space 25600K, 0% used [0x00000000eab00000,0x00000000eab00000,0x00000000ec400000)
  from space 4096K, 0% used [0x00000000ec800000,0x00000000ec808000,0x00000000ecc00000)
  to   space 4096K, 0% used [0x00000000ec400000,0x00000000ec400000,0x00000000ec800000)
 ParOldGen       total 68608K, used 9809K [0x00000000c0000000, 0x00000000c4300000, 0x00000000eab00000)
  object space 68608K, 14% used [0x00000000c0000000,0x00000000c09944f8,0x00000000c4300000)
 Metaspace       used 22714K, capacity 23669K, committed 23808K, reserved 1083392K
  class space    used 2088K, capacity 2483K, committed 2560K, reserved 1048576K
}
Event: 5.796 GC heap after
{Heap after GC invocations=7 (full 3):
 PSYoungGen      total 29696K, used 0K [0x00000000eab00000, 0x00000000ecc00000, 0x0000000100000000)
  eden space 25600K, 0% used [0x00000000eab00000,0x00000000eab00000,0x00000000ec400000)
  from space 4096K, 0% used [0x00000000ec800000,0x00000000ec800000,0x00000000ecc00000)
  to   space 4096K, 0% used [0x00000000ec400000,0x00000000ec400000,0x00000000ec800000)
 ParOldGen       total 68608K, used 9808K [0x00000000c0000000, 0x00000000c4300000, 0x00000000eab00000)
  object space 68608K, 14% used [0x00000000c0000000,0x00000000c0994208,0x00000000c4300000)
 Metaspace       used 22714K, capacity 23669K, committed 23808K, reserved 1083392K
  class space    used 2088K, capacity 2483K, committed 2560K, reserved 1048576K
}
Event: 6.025 GC heap before
{Heap before GC invocations=8 (full 3):
 PSYoungGen      total 29696K, used 12828K [0x00000000eab00000, 0x00000000ecc00000, 0x0000000100000000)
  eden space 25600K, 50% used [0x00000000eab00000,0x00000000eb787108,0x00000000ec400000)
  from space 4096K, 0% used [0x00000000ec800000,0x00000000ec800000,0x00000000ecc00000)
  to   space 4096K, 0% used [0x00000000ec400000,0x00000000ec400000,0x00000000ec800000)
 ParOldGen       total 68608K, used 9808K [0x00000000c0000000, 0x00000000c4300000, 0x00000000eab00000)
  object space 68608K, 14% used [0x00000000c0000000,0x00000000c0994208,0x00000000c4300000)
 Metaspace       used 24323K, capacity 25371K, committed 25472K, reserved 1089536K
  class space    used 2207K, capacity 2603K, committed 2688K, reserved 1048576K
}
Event: 6.028 GC heap after
{Heap after GC invocations=8 (full 3):
 PSYoungGen      total 26624K, used 608K [0x00000000eab00000, 0x00000000ec880000, 0x0000000100000000)
  eden space 25600K, 0% used [0x00000000eab00000,0x00000000eab00000,0x00000000ec400000)
  from space 1024K, 59% used [0x00000000ec400000,0x00000000ec498000,0x00000000ec500000)
  to   space 1024K, 0% used [0x00000000ec780000,0x00000000ec780000,0x00000000ec880000)
 ParOldGen       total 68608K, used 9816K [0x00000000c0000000, 0x00000000c4300000, 0x00000000eab00000)
  object space 68608K, 14% used [0x00000000c0000000,0x00000000c0996220,0x00000000c4300000)
 Metaspace       used 24323K, capacity 25371K, committed 25472K, reserved 1089536K
  class space    used 2207K, capacity 2603K, committed 2688K, reserved 1048576K
}
Event: 6.028 GC heap before
{Heap before GC invocations=9 (full 4):
 PSYoungGen      total 26624K, used 608K [0x00000000eab00000, 0x00000000ec880000, 0x0000000100000000)
  eden space 25600K, 0% used [0x00000000eab00000,0x00000000eab00000,0x00000000ec400000)
  from space 1024K, 59% used [0x00000000ec400000,0x00000000ec498000,0x00000000ec500000)
  to   space 1024K, 0% used [0x00000000ec780000,0x00000000ec780000,0x00000000ec880000)
 ParOldGen       total 68608K, used 9816K [0x00000000c0000000, 0x00000000c4300000, 0x00000000eab00000)
  object space 68608K, 14% used [0x00000000c0000000,0x00000000c0996220,0x00000000c4300000)
 Metaspace       used 24323K, capacity 25371K, committed 25472K, reserved 1089536K
  class space    used 2207K, capacity 2603K, committed 2688K, reserved 1048576K
}
Event: 6.071 GC heap after
{Heap after GC invocations=9 (full 4):
 PSYoungGen      total 26624K, used 0K [0x00000000eab00000, 0x00000000ec880000, 0x0000000100000000)
  eden space 25600K, 0% used [0x00000000eab00000,0x00000000eab00000,0x00000000ec400000)
  from space 1024K, 0% used [0x00000000ec400000,0x00000000ec400000,0x00000000ec500000)
  to   space 1024K, 0% used [0x00000000ec780000,0x00000000ec780000,0x00000000ec880000)
 ParOldGen       total 68608K, used 10326K [0x00000000c0000000, 0x00000000c4300000, 0x00000000eab00000)
  object space 68608K, 15% used [0x00000000c0000000,0x00000000c0a15840,0x00000000c4300000)
 Metaspace       used 24323K, capacity 25371K, committed 25472K, reserved 1089536K
  class space    used 2207K, capacity 2603K, committed 2688K, reserved 1048576K
}
Event: 6.259 GC heap before
{Heap before GC invocations=10 (full 4):
 PSYoungGen      total 26624K, used 1991K [0x00000000eab00000, 0x00000000ec880000, 0x0000000100000000)
  eden space 25600K, 7% used [0x00000000eab00000,0x00000000eacf1ef0,0x00000000ec400000)
  from space 1024K, 0% used [0x00000000ec400000,0x00000000ec400000,0x00000000ec500000)
  to   space 1024K, 0% used [0x00000000ec780000,0x00000000ec780000,0x00000000ec880000)
 ParOldGen       total 68608K, used 10326K [0x00000000c0000000, 0x00000000c4300000, 0x00000000eab00000)
  object space 68608K, 15% used [0x00000000c0000000,0x00000000c0a15840,0x00000000c4300000)
 Metaspace       used 25081K, capacity 26324K, committed 26368K, reserved 1095680K
  class space    used 2305K, capacity 2778K, committed 2816K, reserved 1048576K
}
Event: 6.262 GC heap after
{Heap after GC invocations=10 (full 4):
 PSYoungGen      total 26112K, used 384K [0x00000000eab00000, 0x00000000ec800000, 0x0000000100000000)
  eden space 25600K, 0% used [0x00000000eab00000,0x00000000eab00000,0x00000000ec400000)
  from space 512K, 75% used [0x00000000ec780000,0x00000000ec7e0000,0x00000000ec800000)
  to   space 512K, 0% used [0x00000000ec700000,0x00000000ec700000,0x00000000ec780000)
 ParOldGen       total 68608K, used 10334K [0x00000000c0000000, 0x00000000c4300000, 0x00000000eab00000)
  object space 68608K, 15% used [0x00000000c0000000,0x00000000c0a17840,0x00000000c4300000)
 Metaspace       used 25081K, capacity 26324K, committed 26368K, reserved 1095680K
  class space    used 2305K, capacity 2778K, committed 2816K, reserved 1048576K
}
Event: 6.262 GC heap before
{Heap before GC invocations=11 (full 5):
 PSYoungGen      total 26112K, used 384K [0x00000000eab00000, 0x00000000ec800000, 0x0000000100000000)
  eden space 25600K, 0% used [0x00000000eab00000,0x00000000eab00000,0x00000000ec400000)
  from space 512K, 75% used [0x00000000ec780000,0x00000000ec7e0000,0x00000000ec800000)
  to   space 512K, 0% used [0x00000000ec700000,0x00000000ec700000,0x00000000ec780000)
 ParOldGen       total 68608K, used 10334K [0x00000000c0000000, 0x00000000c4300000, 0x00000000eab00000)
  object space 68608K, 15% used [0x00000000c0000000,0x00000000c0a17840,0x00000000c4300000)
 Metaspace       used 25081K, capacity 26324K, committed 26368K, reserved 1095680K
  class space    used 2305K, capacity 2778K, committed 2816K, reserved 1048576K
}

Deoptimization events (10 events):
Event: 4.679 Thread 0x0000016a45beb000 Uncommon trap: reason=unstable_if action=reinterpret pc=0x0000016a3aab6578 method=java.lang.AbstractStringBuilder.isLatin1()Z @ 10 c2
Event: 4.871 Thread 0x0000016a45beb000 Uncommon trap: reason=class_check action=maybe_recompile pc=0x0000016a3aaa0480 method=java.io.DataInputStream.readFully([BII)V @ 34 c2
Event: 4.872 Thread 0x0000016a45beb000 Uncommon trap: reason=class_check action=maybe_recompile pc=0x0000016a3aaa0480 method=java.io.DataInputStream.readFully([BII)V @ 34 c2
Event: 4.873 Thread 0x0000016a45beb000 Uncommon trap: reason=class_check action=maybe_recompile pc=0x0000016a3aaa0480 method=java.io.DataInputStream.readFully([BII)V @ 34 c2
Event: 4.874 Thread 0x0000016a45beb000 Uncommon trap: reason=class_check action=maybe_recompile pc=0x0000016a3aaa0480 method=java.io.DataInputStream.readFully([BII)V @ 34 c2
Event: 4.968 Thread 0x0000016a45beb000 Uncommon trap: reason=class_check action=maybe_recompile pc=0x0000016a3aaaa8cc method=java.util.HashMap.putVal(ILjava/lang/Object;Ljava/lang/Object;ZZ)Ljava/lang/Object; @ 253 c2
Event: 5.009 Thread 0x0000016a45beb000 Uncommon trap: reason=bimorphic_or_optimized_type_check action=maybe_recompile pc=0x0000016a3aafc6ac method=java.io.DataInputStream.readUnsignedShort()I @ 4 c2
Event: 5.875 Thread 0x0000016a45beb000 Uncommon trap: reason=unstable_if action=reinterpret pc=0x0000016a3aae3d28 method=java.util.Properties.loadConvert([CIILjava/lang/StringBuilder;)Ljava/lang/String; @ 447 c2
Event: 5.920 Thread 0x0000016a45beb000 Uncommon trap: reason=unstable_if action=reinterpret pc=0x0000016a3aae1418 method=com.sun.org.apache.xerces.internal.impl.XMLEntityScanner.checkBeforeLoad(Lcom/sun/xml/internal/stream/Entity$ScannedEntity;II)I @ 18 c2
Event: 6.169 Thread 0x0000016a45beb000 Uncommon trap: reason=unstable_if action=reinterpret pc=0x0000016a3ab0ba9c method=java.util.Properties.load0(Ljava/util/Properties$LineReader;)V @ 186 c2

Classes redefined (0 events):
No events

Internal exceptions (10 events):
Event: 3.117 Thread 0x0000016a45beb000 Exception <a 'java/lang/NoSuchMethodError'{0x00000000eae1a468}: java.lang.invoke.DirectMethodHandle$Holder.invokeStatic(Ljava/lang/Object;Ljava/lang/Object;Ljava/lang/Object;Ljava/lang/Object;I)Ljava/lang/Object;> (0x00000000eae1a468) thrown at [./open/sr
Event: 3.318 Thread 0x0000016a45beb000 Implicit null exception at 0x0000016a3aa7fcae to 0x0000016a3aa80e9e
Event: 4.211 Thread 0x0000016a45beb000 Exception <a 'java/io/FileNotFoundException'{0x00000000ebb68ef8}> (0x00000000ebb68ef8) thrown at [./open/src/hotspot/share/prims/jni.cpp, line 611]
Event: 4.834 Thread 0x0000016a45beb000 Exception <a 'java/io/FileNotFoundException'{0x00000000ec01a718}> (0x00000000ec01a718) thrown at [./open/src/hotspot/share/prims/jni.cpp, line 611]
Event: 5.215 Thread 0x0000016a45beb000 Exception <a 'java/lang/NoSuchMethodError'{0x00000000eab70b28}: java.lang.invoke.DirectMethodHandle$Holder.invokeStaticInit(Ljava/lang/Object;Ljava/lang/Object;Ljava/lang/Object;)I> (0x00000000eab70b28) thrown at [./open/src/hotspot/share/interpreter/link
Event: 5.287 Thread 0x0000016a45beb000 Exception <a 'sun/nio/fs/WindowsException'{0x00000000eac68c70}> (0x00000000eac68c70) thrown at [./open/src/hotspot/share/prims/jni.cpp, line 611]
Event: 5.926 Thread 0x0000016a45beb000 Exception <a 'java/lang/ClassNotFoundException'{0x00000000eb615648}: com/sun/org/apache/xerces/internal/impl/msg/spi/DOMMessagesProvider> (0x00000000eb615648) thrown at [./open/src/hotspot/share/classfile/systemDictionary.cpp, line 228]
Event: 5.929 Thread 0x0000016a45beb000 Exception <a 'java/lang/ClassNotFoundException'{0x00000000eb629fc8}: com/sun/org/apache/xerces/internal/impl/msg/spi/XMLSerializerMessagesProvider> (0x00000000eb629fc8) thrown at [./open/src/hotspot/share/classfile/systemDictionary.cpp, line 228]
Event: 5.930 Thread 0x0000016a45beb000 Exception <a 'java/lang/ClassNotFoundException'{0x00000000eb635708}: com/sun/org/apache/xerces/internal/impl/msg/spi/XMLMessagesProvider> (0x00000000eb635708) thrown at [./open/src/hotspot/share/classfile/systemDictionary.cpp, line 228]
Event: 6.159 Thread 0x0000016a45beb000 Exception <a 'java/lang/ClassNotFoundException'{0x00000000eac44de8}: com/sun/org/apache/xml/internal/serializer/spi/XMLEntitiesProvider> (0x00000000eac44de8) thrown at [./open/src/hotspot/share/classfile/systemDictionary.cpp, line 228]

Events (10 events):
Event: 6.181 loading class java/nio/charset/Charset$2 done
Event: 6.181 loading class java/nio/charset/Charset$1
Event: 6.182 loading class java/nio/charset/Charset$1 done
Event: 6.189 loading class java/nio/charset/UnsupportedCharsetException
Event: 6.190 loading class java/nio/charset/UnsupportedCharsetException done
Event: 6.238 loading class sun/nio/cs/ISO_8859_13
Event: 6.238 loading class sun/nio/cs/ISO_8859_13 done
Event: 6.256 loading class sun/nio/cs/ISO_8859_15
Event: 6.257 loading class sun/nio/cs/ISO_8859_15 done
Event: 6.259 Executing VM operation: CollectForMetadataAllocation


Dynamic libraries:
0x00007ff637340000 - 0x00007ff63734f000 	C:\Program Files\Java\jdk-11.0.9\bin\java.exe
0x00007ff953d70000 - 0x00007ff953f66000 	C:\WINDOWS\SYSTEM32\ntdll.dll
0x00007ff952d90000 - 0x00007ff952e4d000 	C:\WINDOWS\System32\KERNEL32.DLL
0x00007ff951840000 - 0x00007ff951b09000 	C:\WINDOWS\System32\KERNELBASE.dll
0x00007ff951560000 - 0x00007ff951660000 	C:\WINDOWS\System32\ucrtbase.dll
0x00007ff93f8a0000 - 0x00007ff93f8b5000 	C:\Program Files\Java\jdk-11.0.9\bin\VCRUNTIME140.dll
0x00007ff93f600000 - 0x00007ff93f618000 	C:\Program Files\Java\jdk-11.0.9\bin\jli.dll
0x00007ff9535a0000 - 0x00007ff95364c000 	C:\WINDOWS\System32\ADVAPI32.dll
0x00007ff952c90000 - 0x00007ff952d2e000 	C:\WINDOWS\System32\msvcrt.dll
0x00007ff952420000 - 0x00007ff9524bc000 	C:\WINDOWS\System32\sechost.dll
0x00007ff952a40000 - 0x00007ff952b6b000 	C:\WINDOWS\System32\RPCRT4.dll
0x00007ff9526b0000 - 0x00007ff952850000 	C:\WINDOWS\System32\USER32.dll
0x00007ff951be0000 - 0x00007ff951c02000 	C:\WINDOWS\System32\win32u.dll
0x00007ff9524c0000 - 0x00007ff9524ea000 	C:\WINDOWS\System32\GDI32.dll
0x00007ff951690000 - 0x00007ff951799000 	C:\WINDOWS\System32\gdi32full.dll
0x00007ff9517a0000 - 0x00007ff95183d000 	C:\WINDOWS\System32\msvcp_win.dll
0x00007ff93f200000 - 0x00007ff93f49b000 	C:\WINDOWS\WinSxS\amd64_microsoft.windows.common-controls_6595b64144ccf1df_6.0.19041.488_none_ca04af081b815d21\COMCTL32.dll
0x00007ff93f530000 - 0x00007ff93f53a000 	C:\WINDOWS\SYSTEM32\VERSION.dll
0x00007ff9536d0000 - 0x00007ff953700000 	C:\WINDOWS\System32\IMM32.DLL
0x00007ff920e70000 - 0x00007ff920f0b000 	C:\Program Files\Java\jdk-11.0.9\bin\msvcp140.dll
0x00007ff90dc80000 - 0x00007ff90e777000 	C:\Program Files\Java\jdk-11.0.9\bin\server\jvm.dll
0x00007ff9536c0000 - 0x00007ff9536c8000 	C:\WINDOWS\System32\PSAPI.DLL
0x00007ff93c220000 - 0x00007ff93c229000 	C:\WINDOWS\SYSTEM32\WSOCK32.dll
0x00007ff953650000 - 0x00007ff9536bb000 	C:\WINDOWS\System32\WS2_32.dll
0x00007ff940e50000 - 0x00007ff940e77000 	C:\WINDOWS\SYSTEM32\WINMM.dll
0x00007ff94fde0000 - 0x00007ff94fdf2000 	C:\WINDOWS\SYSTEM32\kernel.appcore.dll
0x00007ff940670000 - 0x00007ff940680000 	C:\Program Files\Java\jdk-11.0.9\bin\verify.dll
0x00007ff94f160000 - 0x00007ff94f344000 	C:\WINDOWS\SYSTEM32\DBGHELP.DLL
0x00007ff93a080000 - 0x00007ff93a0ac000 	C:\WINDOWS\SYSTEM32\dbgcore.DLL
0x00007ff951b60000 - 0x00007ff951be0000 	C:\WINDOWS\System32\bcryptPrimitives.dll
0x00007ff93ac90000 - 0x00007ff93acb8000 	C:\Program Files\Java\jdk-11.0.9\bin\java.dll
0x00007ff9403c0000 - 0x00007ff9403ca000 	C:\Program Files\Java\jdk-11.0.9\bin\jimage.dll
0x00007ff936780000 - 0x00007ff936796000 	C:\Program Files\Java\jdk-11.0.9\bin\zip.dll
0x00007ff952e50000 - 0x00007ff953592000 	C:\WINDOWS\System32\SHELL32.dll
0x00007ff94f4e0000 - 0x00007ff94fc75000 	C:\WINDOWS\SYSTEM32\windows.storage.dll
0x00007ff953760000 - 0x00007ff953ab6000 	C:\WINDOWS\System32\combase.dll
0x00007ff950eb0000 - 0x00007ff950edc000 	C:\WINDOWS\SYSTEM32\Wldp.dll
0x00007ff952370000 - 0x00007ff95241e000 	C:\WINDOWS\System32\SHCORE.dll
0x00007ff952900000 - 0x00007ff952955000 	C:\WINDOWS\System32\shlwapi.dll
0x00007ff9513e0000 - 0x00007ff951406000 	C:\WINDOWS\SYSTEM32\profapi.dll
0x00007ff93fe40000 - 0x00007ff93fe59000 	C:\Program Files\Java\jdk-11.0.9\bin\net.dll
0x00007ff93ec70000 - 0x00007ff93ed70000 	C:\WINDOWS\SYSTEM32\WINHTTP.dll
0x00007ff950bd0000 - 0x00007ff950c3a000 	C:\WINDOWS\system32\mswsock.dll
0x00007ff92e470000 - 0x00007ff92e482000 	C:\Program Files\Java\jdk-11.0.9\bin\nio.dll
0x00007ff950da0000 - 0x00007ff950db8000 	C:\WINDOWS\SYSTEM32\CRYPTSP.dll
0x00007ff950560000 - 0x00007ff950594000 	C:\WINDOWS\system32\rsaenh.dll
0x00007ff951660000 - 0x00007ff951687000 	C:\WINDOWS\System32\bcrypt.dll
0x00007ff9513a0000 - 0x00007ff9513ce000 	C:\WINDOWS\SYSTEM32\USERENV.dll
0x00007ff950dc0000 - 0x00007ff950dcc000 	C:\WINDOWS\SYSTEM32\CRYPTBASE.dll
0x00007ff9508c0000 - 0x00007ff9508fb000 	C:\WINDOWS\SYSTEM32\IPHLPAPI.DLL
0x00007ff953ac0000 - 0x00007ff953ac8000 	C:\WINDOWS\System32\NSI.dll
0x00007ff947b40000 - 0x00007ff947b57000 	C:\WINDOWS\SYSTEM32\dhcpcsvc6.DLL
0x00007ff947b80000 - 0x00007ff947b9d000 	C:\WINDOWS\SYSTEM32\dhcpcsvc.DLL
0x00007ff950900000 - 0x00007ff9509cb000 	C:\WINDOWS\SYSTEM32\DNSAPI.dll
0x00007ff9401d0000 - 0x00007ff9401fa000 	C:\Users\Praveen\AppData\Roaming\Code\User\globalStorage\redhat.java\0.72.0\config_win\org.eclipse.equinox.launcher\org.eclipse.equinox.launcher.win32.win32.x86_64_1.2.0.v20200915-1442\eclipse_11100.dll

dbghelp: loaded successfully - version: 4.0.5 - missing functions: none
symbol engine: initialized successfully - sym options: 0x614 - pdb path: .;C:\Program Files\Java\jdk-11.0.9\bin;C:\WINDOWS\SYSTEM32;C:\WINDOWS\WinSxS\amd64_microsoft.windows.common-controls_6595b64144ccf1df_6.0.19041.488_none_ca04af081b815d21;C:\Program Files\Java\jdk-11.0.9\bin\server;C:\Users\Praveen\AppData\Roaming\Code\User\globalStorage\redhat.java\0.72.0\config_win\org.eclipse.equinox.launcher\org.eclipse.equinox.launcher.win32.win32.x86_64_1.2.0.v20200915-1442

VM Arguments:
jvm_args: --add-modules=ALL-SYSTEM --add-opens=java.base/java.util=ALL-UNNAMED --add-opens=java.base/java.lang=ALL-UNNAMED -Declipse.application=org.eclipse.jdt.ls.core.id1 -Dosgi.bundles.defaultStartLevel=4 -Declipse.product=org.eclipse.jdt.ls.core.product -Dfile.encoding=utf8 -DwatchParentProcess=false -XX:+UseParallelGC -XX:GCTimeRatio=4 -XX:AdaptiveSizePolicyWeight=90 -Dsun.zip.disableMemoryMapping=true -Xmx1G -Xms100m -Xverify:none 
java_command: c:\Users\Praveen\.vscode\extensions\redhat.java-0.72.0\server\plugins\org.eclipse.equinox.launcher_1.6.0.v20200915-1508.jar -configuration c:\Users\Praveen\AppData\Roaming\Code\User\globalStorage\redhat.java\0.72.0\config_win -data c:\Users\Praveen\AppData\Roaming\Code\User\workspaceStorage\0c0e2a1cbb4423d982ec21b0235cfd09\redhat.java\jdt_ws
java_class_path (initial): c:\Users\Praveen\.vscode\extensions\redhat.java-0.72.0\server\plugins\org.eclipse.equinox.launcher_1.6.0.v20200915-1508.jar
Launcher Type: SUN_STANDARD

[Global flags]
    uintx AdaptiveSizePolicyWeight                 = 90                                        {product} {command line}
     bool BytecodeVerificationLocal                = false                                     {product} {command line}
     bool BytecodeVerificationRemote               = false                                     {product} {command line}
     intx CICompilerCount                          = 3                                         {product} {ergonomic}
    uintx GCTimeRatio                              = 4                                         {product} {command line}
   size_t InitialHeapSize                          = 104857600                                 {product} {command line}
   size_t MaxHeapSize                              = 1073741824                                {product} {command line}
   size_t MaxNewSize                               = 357564416                                 {product} {ergonomic}
   size_t MinHeapDeltaBytes                        = 524288                                    {product} {ergonomic}
   size_t NewSize                                  = 34603008                                  {product} {ergonomic}
    uintx NonNMethodCodeHeapSize                   = 5830732                                {pd product} {ergonomic}
    uintx NonProfiledCodeHeapSize                  = 122913754                              {pd product} {ergonomic}
   size_t OldSize                                  = 70254592                                  {product} {ergonomic}
    uintx ProfiledCodeHeapSize                     = 122913754                              {pd product} {ergonomic}
    uintx ReservedCodeCacheSize                    = 251658240                              {pd product} {ergonomic}
     bool SegmentedCodeCache                       = true                                      {product} {ergonomic}
     bool UseCompressedClassPointers               = true                                 {lp64_product} {ergonomic}
     bool UseCompressedOops                        = true                                 {lp64_product} {ergonomic}
     bool UseLargePagesIndividualAllocation        = false                                  {pd product} {ergonomic}
     bool UseParallelGC                            = true                                      {product} {command line}

Logging:
Log output configuration:
 #0: stdout all=warning uptime,level,tags
 #1: stderr all=off uptime,level,tags

Environment Variables:
JAVA_HOME=C:\Program Files\Java\jdk1.8.0_202
PATH=C:\Program Files\Common Files\Oracle\Java\javapath;C:\Program Files (x86)\Common Files\Oracle\Java\javapath;C:\WINDOWS\system32;C:\WINDOWS;C:\WINDOWS\System32\Wbem;C:\WINDOWS\System32\WindowsPowerShell\v1.0\;C:\WINDOWS\System32\OpenSSH\;C:\Program Files (x86)\Intel\Intel(R) Management Engine Components\DAL;C:\Program Files\Intel\Intel(R) Management Engine Components\DAL;C:\Program Files\Intel\WiFi\bin\;C:\Program Files\Common Files\Intel\WirelessCommon\;C:\Go\bin;C:\Program Files\nodejs\;C:\ProgramData\chocolatey\bin;C:\protoc-3.11.4-win32\bin;C:\Program Files\Java\jdk1.8.0_202\bin;C:\Program Files\MongoDB\Server\4.2\bin;C:\Users\Praveen\AppData\Local\Programs\Python\Python38\Scripts\;C:\Users\Praveen\AppData\Local\Programs\Python\Python38\;C:\Users\Praveen\AppData\Local\Microsoft\WindowsApps;C:\Users\Praveen\AppData\Local\Programs\Microsoft VS Code\bin;C:\Users\Praveen\go\bin;C:\Users\Praveen\AppData\Roaming\npm;C:\Program Files\MongoDB\Server\4.2\bin;C:\Users\Praveen\AppData\Local\Microsoft\WindowsApps\python.exe;C:\Users\Praveen\AppData\Local\GitHubDesktop\bin;C:\Users\Praveen\Maven\apache-maven-3.6.3\bin;C:\Program Files\Java\jdk1.8.0_202\bin;C:\Gradle\gradle-5.4\bin;C:\grails-2.5.4\bin;C:\Users\Praveen\AppData\Local\Programs\Git\cmd
USERNAME=Praveen
OS=Windows_NT
PROCESSOR_IDENTIFIER=Intel64 Family 6 Model 142 Stepping 9, GenuineIntel



---------------  S Y S T E M  ---------------

OS: Windows 10 , 64 bit Build 19041 (10.0.19041.662)

CPU:total 4 (initial active 4) (2 cores per cpu, 2 threads per core) family 6 model 142 stepping 9, cmov, cx8, fxsr, mmx, sse, sse2, sse3, ssse3, sse4.1, sse4.2, popcnt, avx, avx2, aes, clmul, erms, 3dnowpref, lzcnt, ht, tsc, tscinvbit, bmi1, bmi2, adx, fma

Memory: 4k page, system-wide physical 8057M (1527M free)
TotalPageFile size 8057M (AvailPageFile size 5M)
current process WorkingSet (physical memory assigned to process): 110M, peak: 111M
current process commit charge ("private bytes"): 209M, peak: 212M

vm_info: Java HotSpot(TM) 64-Bit Server VM (11.0.9+7-LTS) for windows-amd64 JRE (11.0.9+7-LTS), built on Sep 15 2020 16:47:03 by "mach5one" with MS VC++ 15.9 (VS2017)

END.
