#
# There is insufficient memory for the Java Runtime Environment to continue.
# Native memory allocation (malloc) failed to allocate 262160 bytes for Chunk::new
# Possible reasons:
#   The system is out of physical RAM or swap space
#   The process is running with CompressedOops enabled, and the Java Heap may be blocking the growth of the native heap
# Possible solutions:
#   Reduce memory load on the system
#   Increase physical memory or swap space
#   Check if swap backing store is full
#   Decrease Java heap size (-Xmx/-Xms)
#   Decrease number of Java threads
#   Decrease Java thread stack sizes (-Xss)
#   Set larger code cache with -XX:ReservedCodeCacheSize=
#   JVM is running with Unscaled Compressed Oops mode in which the Java heap is
#     placed in the first 4GB address space. The Java Heap base address is the
#     maximum limit for the native heap growth. Please use -XX:HeapBaseMinAddress
#     to set the Java Heap base and to place the Java Heap above 4GB virtual address.
# This output file may be truncated or incomplete.
#
#  Out of Memory Error (allocation.cpp:389), pid=14236, tid=0x0000000000003790
#
# JRE version: Java(TM) SE Runtime Environment (8.0_202-b08) (build 1.8.0_202-b08)
# Java VM: Java HotSpot(TM) 64-Bit Server VM (25.202-b08 mixed mode windows-amd64 compressed oops)
# Failed to write core dump. Minidumps are not enabled by default on client versions of Windows
#

---------------  T H R E A D  ---------------

Current thread (0x0000000015baa800):  JavaThread "C2 CompilerThread0" daemon [_thread_in_native, id=14224, stack(0x0000000015e40000,0x0000000015f40000)]

Stack: [0x0000000015e40000,0x0000000015f40000]
[error occurred during error reporting (printing stack bounds), id 0xc0000005]

Native frames: (J=compiled Java code, j=interpreted, Vv=VM code, C=native code)


Current CompileTask:
C2:  24988 5757       4       groovy.lang.MetaClassImpl::populateMethods (400 bytes)


---------------  P R O C E S S  ---------------

Java Threads: ( => current thread )
  0x000000001dcca800 JavaThread "http-bio-8080-exec-3" daemon [_thread_in_native, id=13336, stack(0x0000000021180000,0x0000000021280000)]
  0x000000001dcc6000 JavaThread "DestroyJavaVM" [_thread_blocked, id=7912, stack(0x0000000002380000,0x0000000002480000)]
  0x000000001dcc5800 JavaThread "Thread-12" [_thread_blocked, id=13664, stack(0x0000000020f80000,0x0000000021080000)]
  0x000000001dcc4000 JavaThread "http-bio-8080-exec-2" daemon [_thread_blocked, id=1664, stack(0x0000000020e80000,0x0000000020f80000)]
  0x000000001dcca000 JavaThread "http-bio-8080-exec-1" daemon [_thread_in_native, id=9060, stack(0x0000000020d80000,0x0000000020e80000)]
  0x000000001dcc4800 JavaThread "http-bio-8080-AsyncTimeout" daemon [_thread_blocked, id=15236, stack(0x0000000020c80000,0x0000000020d80000)]
  0x00000000169e3000 JavaThread "http-bio-8080-Acceptor-0" daemon [_thread_in_native, id=14440, stack(0x0000000020b80000,0x0000000020c80000)]
  0x00000000169e2800 JavaThread "ContainerBackgroundProcessor[StandardEngine[Tomcat]]" daemon [_thread_blocked, id=7412, stack(0x000000001f3b0000,0x000000001f4b0000)]
  0x00000000169df800 JavaThread "__DEFAULT__" daemon [_thread_blocked, id=13788, stack(0x000000001d260000,0x000000001d360000)]
  0x000000001778b000 JavaThread "PoolCleaner[1676605578:1608012643912]" daemon [_thread_blocked, id=14228, stack(0x000000001c740000,0x000000001c840000)]
  0x0000000019000800 JavaThread "FileSystemWatcher: files=#102 cl=groovy.lang.GroovyClassLoader@63eef88a" daemon [_thread_blocked, id=13908, stack(0x000000001c240000,0x000000001c340000)]
  0x00000000195b5000 JavaThread "localhost-startStop-1" daemon [_thread_blocked, id=14516, stack(0x000000001c140000,0x000000001c240000)]
  0x000000001937d000 JavaThread "Tomcat-startStop-1" daemon [_thread_blocked, id=6312, stack(0x000000001c040000,0x000000001c140000)]
  0x0000000018780800 JavaThread "Thread-2" [_thread_blocked, id=12932, stack(0x0000000018590000,0x0000000018690000)]
  0x000000001686d000 JavaThread "NonBlockingInputStreamThread" daemon [_thread_blocked, id=3888, stack(0x00000000172c0000,0x00000000173c0000)]
  0x0000000015be2800 JavaThread "Service Thread" daemon [_thread_blocked, id=13752, stack(0x0000000016140000,0x0000000016240000)]
  0x0000000015ba6800 JavaThread "C1 CompilerThread2" daemon [_thread_blocked, id=10572, stack(0x0000000016040000,0x0000000016140000)]
  0x0000000015ba3800 JavaThread "C2 CompilerThread1" daemon [_thread_in_native, id=15224, stack(0x0000000015f40000,0x0000000016040000)]
=>0x0000000015baa800 JavaThread "C2 CompilerThread0" daemon [_thread_in_native, id=14224, stack(0x0000000015e40000,0x0000000015f40000)]
  0x00000000143fc000 JavaThread "Attach Listener" daemon [_thread_blocked, id=12268, stack(0x0000000015940000,0x0000000015a40000)]
  0x00000000143fa800 JavaThread "Signal Dispatcher" daemon [_thread_blocked, id=14028, stack(0x0000000015840000,0x0000000015940000)]
  0x0000000002677800 JavaThread "Finalizer" daemon [_thread_blocked, id=7564, stack(0x0000000015640000,0x0000000015740000)]
  0x0000000002674800 JavaThread "Reference Handler" daemon [_thread_blocked, id=4200, stack(0x0000000015540000,0x0000000015640000)]

Other Threads:
  0x00000000143b7000 VMThread [stack: 0x0000000015440000,0x0000000015540000] [id=756]
  0x0000000015be5000 WatcherThread [stack: 0x0000000016240000,0x0000000016340000] [id=14916]

VM state:at safepoint (normal execution)

VM Mutex/Monitor currently owned by a thread:  ([mutex/lock_event])
[0x0000000002581750] Threads_lock - owner thread: 0x00000000143b7000
[0x0000000002581950] Heap_lock - owner thread: 0x000000001dcc5800

heap address: 0x00000000d0000000, size: 768 MB, Compressed Oops mode: 32-bit
Narrow klass base: 0x0000000000000000, Narrow klass shift: 3
Compressed class space size: 1073741824 Address: 0x0000000100000000

Heap:
 PSYoungGen      total 223744K, used 17667K [0x00000000f0000000, 0x0000000100000000, 0x0000000100000000)
  eden space 205824K, 0% used [0x00000000f0000000,0x00000000f0000000,0x00000000fc900000)
  from space 17920K, 98% used [0x00000000fc900000,0x00000000fda40ca8,0x00000000fda80000)
  to   space 29184K, 0% used [0x00000000fe380000,0x00000000fe380000,0x0000000100000000)
 ParOldGen       total 175616K, used 81032K [0x00000000d0000000, 0x00000000dab80000, 0x00000000f0000000)
  object space 175616K, 46% used [0x00000000d0000000,0x00000000d4f22318,0x00000000dab80000)
 Metaspace       used 60818K, capacity 62732K, committed 62848K, reserved 1105920K
  class space    used 7185K, capacity 7804K, committed 7808K, reserved 1048576K

Card table byte_map: [0x0000000011a40000,0x0000000011bd0000] byte_map_base: 0x00000000113c0000

Marking Bits: (ParMarkBitMap*) 0x0000000057c35ce0
 Begin Bits: [0x00000000120d0000, 0x0000000012cd0000)
 End Bits:   [0x0000000012cd0000, 0x00000000138d0000)

Polling page: 0x0000000000650000

CodeCache: size=245760Kb used=19871Kb max_used=20724Kb free=225889Kb
 bounds [0x0000000002680000, 0x0000000003ae0000, 0x0000000011680000]
 total_blobs=5900 nmethods=5132 adapters=678
 compilation: enabled

Compilation events (10 events):
Event: 24.458 Thread 0x0000000015ba3800 nmethod 6054 0x0000000003573c50 code [0x0000000003574b80, 0x000000000357fa58]
Event: 24.459 Thread 0x0000000015ba3800 6197 %     4       java.util.Properties$LineReader::readLine @ 21 (468 bytes)
Event: 24.472 Thread 0x0000000015ba3800 nmethod 6197% 0x00000000030921d0 code [0x0000000003092360, 0x0000000003092d18]
Event: 24.472 Thread 0x0000000015ba3800 6223  s    4       java.beans.PropertyDescriptor::setWriteMethod (61 bytes)
Event: 24.792 Thread 0x0000000015ba6800 6226       2       java.io.FileInputStream::open (6 bytes)
Event: 24.815 Thread 0x0000000015ba6800 nmethod 6226 0x0000000002d47d50 code [0x0000000002d47ec0, 0x0000000002d48028]
Event: 24.817 Thread 0x0000000015ba6800 6227       2       java.io.FileInputStream::access$000 (5 bytes)
Event: 24.817 Thread 0x0000000015ba6800 nmethod 6227 0x0000000002d479d0 code [0x0000000002d47b40, 0x0000000002d47c88]
Event: 24.817 Thread 0x0000000015ba6800 6228       2       java.io.FileInputStream$1::close (8 bytes)
Event: 24.818 Thread 0x0000000015ba6800 nmethod 6228 0x000000000288a290 code [0x000000000288a400, 0x000000000288a568]

GC Heap History (10 events):
Event: 20.025 GC heap before
{Heap before GC invocations=39 (full 5):
 PSYoungGen      total 250880K, used 245839K [0x00000000f0000000, 0x0000000100000000, 0x0000000100000000)
  eden space 240128K, 97% used [0x00000000f0000000,0x00000000fe59bc98,0x00000000fea80000)
  from space 10752K, 99% used [0x00000000fea80000,0x00000000ff4f8040,0x00000000ff500000)
  to   space 11264K, 0% used [0x00000000ff500000,0x00000000ff500000,0x0000000100000000)
 ParOldGen       total 175616K, used 55051K [0x00000000d0000000, 0x00000000dab80000, 0x00000000f0000000)
  object space 175616K, 31% used [0x00000000d0000000,0x00000000d35c2c78,0x00000000dab80000)
 Metaspace       used 53049K, capacity 54676K, committed 55040K, reserved 1097728K
  class space    used 6122K, capacity 6616K, committed 6656K, reserved 1048576K
Event: 20.046 GC heap after
Heap after GC invocations=39 (full 5):
 PSYoungGen      total 236544K, used 11250K [0x00000000f0000000, 0x0000000100000000, 0x0000000100000000)
  eden space 225280K, 0% used [0x00000000f0000000,0x00000000f0000000,0x00000000fdc00000)
  from space 11264K, 99% used [0x00000000ff500000,0x00000000ffffca70,0x0000000100000000)
  to   space 18432K, 0% used [0x00000000fdc00000,0x00000000fdc00000,0x00000000fee00000)
 ParOldGen       total 175616K, used 65098K [0x00000000d0000000, 0x00000000dab80000, 0x00000000f0000000)
  object space 175616K, 37% used [0x00000000d0000000,0x00000000d3f92978,0x00000000dab80000)
 Metaspace       used 53049K, capacity 54676K, committed 55040K, reserved 1097728K
  class space    used 6122K, capacity 6616K, committed 6656K, reserved 1048576K
}
Event: 21.274 GC heap before
{Heap before GC invocations=40 (full 5):
 PSYoungGen      total 236544K, used 236530K [0x00000000f0000000, 0x0000000100000000, 0x0000000100000000)
  eden space 225280K, 100% used [0x00000000f0000000,0x00000000fdc00000,0x00000000fdc00000)
  from space 11264K, 99% used [0x00000000ff500000,0x00000000ffffca70,0x0000000100000000)
  to   space 18432K, 0% used [0x00000000fdc00000,0x00000000fdc00000,0x00000000fee00000)
 ParOldGen       total 175616K, used 65098K [0x00000000d0000000, 0x00000000dab80000, 0x00000000f0000000)
  object space 175616K, 37% used [0x00000000d0000000,0x00000000d3f92978,0x00000000dab80000)
 Metaspace       used 55136K, capacity 56834K, committed 57216K, reserved 1099776K
  class space    used 6452K, capacity 6977K, committed 7040K, reserved 1048576K
Event: 21.297 GC heap after
Heap after GC invocations=40 (full 5):
 PSYoungGen      total 243712K, used 18416K [0x00000000f0000000, 0x0000000100000000, 0x0000000100000000)
  eden space 225280K, 0% used [0x00000000f0000000,0x00000000f0000000,0x00000000fdc00000)
  from space 18432K, 99% used [0x00000000fdc00000,0x00000000fedfc210,0x00000000fee00000)
  to   space 18432K, 0% used [0x00000000fee00000,0x00000000fee00000,0x0000000100000000)
 ParOldGen       total 175616K, used 66297K [0x00000000d0000000, 0x00000000dab80000, 0x00000000f0000000)
  object space 175616K, 37% used [0x00000000d0000000,0x00000000d40be518,0x00000000dab80000)
 Metaspace       used 55136K, capacity 56834K, committed 57216K, reserved 1099776K
  class space    used 6452K, capacity 6977K, committed 7040K, reserved 1048576K
}
Event: 22.904 GC heap before
{Heap before GC invocations=41 (full 5):
 PSYoungGen      total 243712K, used 236801K [0x00000000f0000000, 0x0000000100000000, 0x0000000100000000)
  eden space 225280K, 96% used [0x00000000f0000000,0x00000000fd5442d8,0x00000000fdc00000)
  from space 18432K, 99% used [0x00000000fdc00000,0x00000000fedfc210,0x00000000fee00000)
  to   space 18432K, 0% used [0x00000000fee00000,0x00000000fee00000,0x0000000100000000)
 ParOldGen       total 175616K, used 66297K [0x00000000d0000000, 0x00000000dab80000, 0x00000000f0000000)
  object space 175616K, 37% used [0x00000000d0000000,0x00000000d40be518,0x00000000dab80000)
 Metaspace       used 56712K, capacity 58430K, committed 58496K, reserved 1099776K
  class space    used 6718K, capacity 7244K, committed 7296K, reserved 1048576K
Event: 22.936 GC heap after
Heap after GC invocations=41 (full 5):
 PSYoungGen      total 227328K, used 18423K [0x00000000f0000000, 0x0000000100000000, 0x0000000100000000)
  eden space 208896K, 0% used [0x00000000f0000000,0x00000000f0000000,0x00000000fcc00000)
  from space 18432K, 99% used [0x00000000fee00000,0x00000000ffffdc78,0x0000000100000000)
  to   space 26624K, 0% used [0x00000000fcc00000,0x00000000fcc00000,0x00000000fe600000)
 ParOldGen       total 175616K, used 73087K [0x00000000d0000000, 0x00000000dab80000, 0x00000000f0000000)
  object space 175616K, 41% used [0x00000000d0000000,0x00000000d475fd98,0x00000000dab80000)
 Metaspace       used 56712K, capacity 58430K, committed 58496K, reserved 1099776K
  class space    used 6718K, capacity 7244K, committed 7296K, reserved 1048576K
}
Event: 23.900 GC heap before
{Heap before GC invocations=42 (full 5):
 PSYoungGen      total 227328K, used 227319K [0x00000000f0000000, 0x0000000100000000, 0x0000000100000000)
  eden space 208896K, 100% used [0x00000000f0000000,0x00000000fcc00000,0x00000000fcc00000)
  from space 18432K, 99% used [0x00000000fee00000,0x00000000ffffdc78,0x0000000100000000)
  to   space 26624K, 0% used [0x00000000fcc00000,0x00000000fcc00000,0x00000000fe600000)
 ParOldGen       total 175616K, used 73087K [0x00000000d0000000, 0x00000000dab80000, 0x00000000f0000000)
  object space 175616K, 41% used [0x00000000d0000000,0x00000000d475fd98,0x00000000dab80000)
 Metaspace       used 58854K, capacity 60784K, committed 60928K, reserved 1101824K
  class space    used 6984K, capacity 7630K, committed 7680K, reserved 1048576K
Event: 23.945 GC heap after
Heap after GC invocations=42 (full 5):
 PSYoungGen      total 224768K, used 15797K [0x00000000f0000000, 0x0000000100000000, 0x0000000100000000)
  eden space 208896K, 0% used [0x00000000f0000000,0x00000000f0000000,0x00000000fcc00000)
  from space 15872K, 99% used [0x00000000fcc00000,0x00000000fdb6d6c0,0x00000000fdb80000)
  to   space 27136K, 0% used [0x00000000fe580000,0x00000000fe580000,0x0000000100000000)
 ParOldGen       total 175616K, used 81024K [0x00000000d0000000, 0x00000000dab80000, 0x00000000f0000000)
  object space 175616K, 46% used [0x00000000d0000000,0x00000000d4f20318,0x00000000dab80000)
 Metaspace       used 58854K, capacity 60784K, committed 60928K, reserved 1101824K
  class space    used 6984K, capacity 7630K, committed 7680K, reserved 1048576K
}
Event: 24.792 GC heap before
{Heap before GC invocations=43 (full 5):
 PSYoungGen      total 224768K, used 222984K [0x00000000f0000000, 0x0000000100000000, 0x0000000100000000)
  eden space 208896K, 99% used [0x00000000f0000000,0x00000000fca54990,0x00000000fcc00000)
  from space 15872K, 99% used [0x00000000fcc00000,0x00000000fdb6d6c0,0x00000000fdb80000)
  to   space 27136K, 0% used [0x00000000fe580000,0x00000000fe580000,0x0000000100000000)
 ParOldGen       total 175616K, used 81024K [0x00000000d0000000, 0x00000000dab80000, 0x00000000f0000000)
  object space 175616K, 46% used [0x00000000d0000000,0x00000000d4f20318,0x00000000dab80000)
 Metaspace       used 60497K, capacity 62406K, committed 62592K, reserved 1105920K
  class space    used 7154K, capacity 7802K, committed 7808K, reserved 1048576K
Event: 24.815 GC heap after
Heap after GC invocations=43 (full 5):
 PSYoungGen      total 232960K, used 18493K [0x00000000f0000000, 0x0000000100000000, 0x0000000100000000)
  eden space 205824K, 0% used [0x00000000f0000000,0x00000000f0000000,0x00000000fc900000)
  from space 27136K, 68% used [0x00000000fe580000,0x00000000ff78f580,0x0000000100000000)
  to   space 28160K, 0% used [0x00000000fc900000,0x00000000fc900000,0x00000000fe480000)
 ParOldGen       total 175616K, used 81032K [0x00000000d0000000, 0x00000000dab80000, 0x00000000f0000000)
  object space 175616K, 46% used [0x00000000d0000000,0x00000000d4f22318,0x00000000dab80000)
 Metaspace       used 60497K, capacity 62406K, committed 62592K, reserved 1105920K
  class space    used 7154K, capacity 7802K, committed 7808K, reserved 1048576K
}

Deoptimization events (10 events):
Event: 23.976 Thread 0x00000000195b5000 Uncommon trap: reason=speculate_class_check action=maybe_recompile pc=0x0000000003475d10 method=java.util.concurrent.locks.ReentrantReadWriteLock$Sync.tryAcquireShared(I)I @ 33
Event: 24.002 Thread 0x00000000195b5000 Uncommon trap: reason=speculate_class_check action=maybe_recompile pc=0x0000000003475d10 method=java.util.concurrent.locks.ReentrantReadWriteLock$Sync.tryAcquireShared(I)I @ 33
Event: 24.002 Thread 0x00000000195b5000 Uncommon trap: reason=speculate_class_check action=maybe_recompile pc=0x0000000003475d10 method=java.util.concurrent.locks.ReentrantReadWriteLock$Sync.tryAcquireShared(I)I @ 33
Event: 24.005 Thread 0x00000000195b5000 Uncommon trap: reason=speculate_class_check action=maybe_recompile pc=0x0000000003475d10 method=java.util.concurrent.locks.ReentrantReadWriteLock$Sync.tryAcquireShared(I)I @ 33
Event: 24.018 Thread 0x00000000195b5000 Uncommon trap: reason=unstable_if action=reinterpret pc=0x0000000002ccf3e0 method=sl.org.objectweb.asm.Type.getArgumentsAndReturnSizes(Ljava/lang/String;)I @ 130
Event: 24.018 Thread 0x00000000195b5000 Uncommon trap: reason=unstable_if action=reinterpret pc=0x0000000003210fe0 method=sl.org.objectweb.asm.MethodWriter.visitVarInsn(II)V @ 128
Event: 24.018 Thread 0x00000000195b5000 Uncommon trap: reason=unstable_if action=reinterpret pc=0x0000000003320100 method=sl.org.objectweb.asm.Type.getArgumentsAndReturnSizes(Ljava/lang/String;)I @ 130
Event: 24.018 Thread 0x00000000195b5000 Uncommon trap: reason=unstable_if action=reinterpret pc=0x0000000002cfadfc method=sl.org.objectweb.asm.Type.getArgumentsAndReturnSizes(Ljava/lang/String;)I @ 41
Event: 24.144 Thread 0x00000000195b5000 Uncommon trap: reason=unstable_if action=reinterpret pc=0x000000000387f538 method=java.util.HashMap.putMapEntries(Ljava/util/Map;Z)V @ 53
Event: 24.217 Thread 0x00000000195b5000 Uncommon trap: reason=unstable_if action=reinterpret pc=0x0000000003013df4 method=java.io.WinNTFileSystem.normalize(Ljava/lang/String;II)Ljava/lang/String; @ 155

Classes redefined (0 events):
No events

Internal exceptions (10 events):
Event: 24.735 Thread 0x000000001dcc5800 Exception <a 'java/lang/ClassNotFoundException': org/codehaus/groovy/grails/project/compiler/GrailsProjectCompiler$_initializeAntClasspaths_closure7BeanInfo> (0x00000000fa904d78) thrown at [C:\re\workspace\8-2-build-windows-amd64-cygwin\jdk8u202\12323\hot
Event: 24.736 Thread 0x000000001dcc5800 Exception <a 'java/lang/ClassNotFoundException': org/codehaus/groovy/grails/project/compiler/GrailsProjectCompiler$_initializeAntClasspaths_closure7Customizer> (0x00000000fa9489c8) thrown at [C:\re\workspace\8-2-build-windows-amd64-cygwin\jdk8u202\12323\h
Event: 24.741 Thread 0x000000001dcc5800 Exception <a 'java/lang/ClassNotFoundException': org/codehaus/groovy/grails/project/compiler/GrailsProjectCompiler$_initializeAntClasspaths_closure8BeanInfo> (0x00000000fa9e1da8) thrown at [C:\re\workspace\8-2-build-windows-amd64-cygwin\jdk8u202\12323\hot
Event: 24.742 Thread 0x000000001dcc5800 Exception <a 'java/lang/ClassNotFoundException': org/codehaus/groovy/grails/project/compiler/GrailsProjectCompiler$_initializeAntClasspaths_closure8Customizer> (0x00000000faa259f8) thrown at [C:\re\workspace\8-2-build-windows-amd64-cygwin\jdk8u202\12323\h
Event: 24.746 Thread 0x000000001dcc5800 Exception <a 'java/lang/ClassNotFoundException': org/codehaus/groovy/grails/project/compiler/GrailsProjectCompiler$_initializeAntClasspaths_closure9BeanInfo> (0x00000000faabebd8) thrown at [C:\re\workspace\8-2-build-windows-amd64-cygwin\jdk8u202\12323\hot
Event: 24.748 Thread 0x000000001dcc5800 Exception <a 'java/lang/ClassNotFoundException': org/codehaus/groovy/grails/project/compiler/GrailsProjectCompiler$_initializeAntClasspaths_closure9Customizer> (0x00000000fab02860) thrown at [C:\re\workspace\8-2-build-windows-amd64-cygwin\jdk8u202\12323\h
Event: 24.763 Thread 0x000000001dcc5800 Exception <a 'java/lang/ClassNotFoundException': org/codehaus/groovy/grails/cli/logging/GrailsConsoleAntBuilderBeanInfo> (0x00000000fabea780) thrown at [C:\re\workspace\8-2-build-windows-amd64-cygwin\jdk8u202\12323\hotspot\src\share\vm\classfile\systemDic
Event: 24.764 Thread 0x000000001dcc5800 Exception <a 'java/lang/ClassNotFoundException': groovy/util/AntBuilderBeanInfo> (0x00000000fabf0f50) thrown at [C:\re\workspace\8-2-build-windows-amd64-cygwin\jdk8u202\12323\hotspot\src\share\vm\classfile\systemDictionary.cpp, line 210]
Event: 24.765 Thread 0x000000001dcc5800 Exception <a 'java/lang/ClassNotFoundException': groovy/util/AntBuilderCustomizer> (0x00000000fabf7a68) thrown at [C:\re\workspace\8-2-build-windows-amd64-cygwin\jdk8u202\12323\hotspot\src\share\vm\classfile\systemDictionary.cpp, line 210]
Event: 24.766 Thread 0x000000001dcc5800 Exception <a 'java/lang/ClassNotFoundException': org/codehaus/groovy/grails/cli/logging/GrailsConsoleAntBuilderCustomizer> (0x00000000fac07a40) thrown at [C:\re\workspace\8-2-build-windows-amd64-cygwin\jdk8u202\12323\hotspot\src\share\vm\classfile\systemD

Events (10 events):
Event: 24.832 loading class org/apache/tools/ant/PropertyHelper$4
Event: 24.832 loading class org/apache/tools/ant/PropertyHelper$4 done
Event: 24.834 loading class org/apache/tools/ant/PropertyHelper$PropertySetter
Event: 24.834 loading class org/apache/tools/ant/PropertyHelper$PropertySetter done
Event: 24.835 loading class org/apache/tools/ant/UnknownElement
Event: 24.835 loading class org/apache/tools/ant/UnknownElement done
Event: 24.836 loading class org/apache/tools/ant/Main
Event: 24.836 loading class org/apache/tools/ant/Main done
Event: 24.838 loading class org/apache/tools/ant/launch/AntMain
Event: 24.838 loading class org/apache/tools/ant/launch/AntMain done


Dynamic libraries:
0x00007ff69fb90000 - 0x00007ff69fbc7000 	C:\Program Files\Java\jdk1.8.0_202\bin\java.exe
0x00007ff90b230000 - 0x00007ff90b426000 	C:\WINDOWS\SYSTEM32\ntdll.dll
0x00007ff90a750000 - 0x00007ff90a80d000 	C:\WINDOWS\System32\KERNEL32.DLL
0x00007ff908b90000 - 0x00007ff908e59000 	C:\WINDOWS\System32\KERNELBASE.dll
0x00007ff90aa20000 - 0x00007ff90aacc000 	C:\WINDOWS\System32\ADVAPI32.dll
0x00007ff9096e0000 - 0x00007ff90977e000 	C:\WINDOWS\System32\msvcrt.dll
0x00007ff909780000 - 0x00007ff90981c000 	C:\WINDOWS\System32\sechost.dll
0x00007ff90b0c0000 - 0x00007ff90b1eb000 	C:\WINDOWS\System32\RPCRT4.dll
0x00007ff9092a0000 - 0x00007ff909440000 	C:\WINDOWS\System32\USER32.dll
0x00007ff909260000 - 0x00007ff909282000 	C:\WINDOWS\System32\win32u.dll
0x00007ff90a2b0000 - 0x00007ff90a2da000 	C:\WINDOWS\System32\GDI32.dll
0x00007ff908e60000 - 0x00007ff908f69000 	C:\WINDOWS\System32\gdi32full.dll
0x00007ff908af0000 - 0x00007ff908b8d000 	C:\WINDOWS\System32\msvcp_win.dll
0x00007ff908970000 - 0x00007ff908a70000 	C:\WINDOWS\System32\ucrtbase.dll
0x00007ff8f9620000 - 0x00007ff8f98bb000 	C:\WINDOWS\WinSxS\amd64_microsoft.windows.common-controls_6595b64144ccf1df_6.0.19041.488_none_ca04af081b815d21\COMCTL32.dll
0x00007ff90acd0000 - 0x00007ff90ad00000 	C:\WINDOWS\System32\IMM32.DLL
0x0000000057cc0000 - 0x0000000057d92000 	C:\Program Files\Java\jdk1.8.0_202\jre\bin\msvcr100.dll
0x0000000057410000 - 0x0000000057cb5000 	C:\Program Files\Java\jdk1.8.0_202\jre\bin\server\jvm.dll
0x00007ff909290000 - 0x00007ff909298000 	C:\WINDOWS\System32\PSAPI.DLL
0x00007ff8f3fa0000 - 0x00007ff8f3fa9000 	C:\WINDOWS\SYSTEM32\WSOCK32.dll
0x00007ff8fb310000 - 0x00007ff8fb337000 	C:\WINDOWS\SYSTEM32\WINMM.dll
0x00007ff90a1e0000 - 0x00007ff90a24b000 	C:\WINDOWS\System32\WS2_32.dll
0x00007ff8f99f0000 - 0x00007ff8f99fa000 	C:\WINDOWS\SYSTEM32\VERSION.dll
0x00007ff8fa9b0000 - 0x00007ff8fa9bf000 	C:\Program Files\Java\jdk1.8.0_202\jre\bin\verify.dll
0x00007ff8fa270000 - 0x00007ff8fa299000 	C:\Program Files\Java\jdk1.8.0_202\jre\bin\java.dll
0x00007ff8fad10000 - 0x00007ff8fad33000 	C:\Program Files\Java\jdk1.8.0_202\jre\bin\instrument.dll
0x00007ff8fa220000 - 0x00007ff8fa236000 	C:\Program Files\Java\jdk1.8.0_202\jre\bin\zip.dll
0x00007ff9099c0000 - 0x00007ff90a102000 	C:\WINDOWS\System32\SHELL32.dll
0x00007ff9066f0000 - 0x00007ff906e85000 	C:\WINDOWS\SYSTEM32\windows.storage.dll
0x00007ff90ad00000 - 0x00007ff90b056000 	C:\WINDOWS\System32\combase.dll
0x00007ff908370000 - 0x00007ff90839c000 	C:\WINDOWS\SYSTEM32\Wldp.dll
0x00007ff90ac20000 - 0x00007ff90acce000 	C:\WINDOWS\System32\SHCORE.dll
0x00007ff90a9c0000 - 0x00007ff90aa15000 	C:\WINDOWS\System32\shlwapi.dll
0x00007ff9088a0000 - 0x00007ff9088c6000 	C:\WINDOWS\SYSTEM32\profapi.dll
0x00007ff908260000 - 0x00007ff908278000 	C:\WINDOWS\SYSTEM32\CRYPTSP.dll
0x00007ff907a20000 - 0x00007ff907a54000 	C:\WINDOWS\system32\rsaenh.dll
0x00007ff908ac0000 - 0x00007ff908ae7000 	C:\WINDOWS\System32\bcrypt.dll
0x00007ff908820000 - 0x00007ff90884e000 	C:\WINDOWS\SYSTEM32\USERENV.dll
0x00007ff909080000 - 0x00007ff909100000 	C:\WINDOWS\System32\bcryptprimitives.dll
0x00007ff908280000 - 0x00007ff90828c000 	C:\WINDOWS\SYSTEM32\CRYPTBASE.dll
0x00007ff8fa200000 - 0x00007ff8fa21a000 	C:\Program Files\Java\jdk1.8.0_202\jre\bin\net.dll
0x00007ff8f6190000 - 0x00007ff8f637d000 	C:\WINDOWS\SYSTEM32\urlmon.dll
0x00007ff8f6540000 - 0x00007ff8f67f0000 	C:\WINDOWS\SYSTEM32\iertutil.dll
0x00007ff908090000 - 0x00007ff9080fa000 	C:\WINDOWS\system32\mswsock.dll
0x00007ff907d80000 - 0x00007ff907dbb000 	C:\WINDOWS\SYSTEM32\IPHLPAPI.DLL
0x00007ff90aad0000 - 0x00007ff90aad8000 	C:\WINDOWS\System32\NSI.dll
0x00007ff8fcca0000 - 0x00007ff8fccb7000 	C:\WINDOWS\SYSTEM32\dhcpcsvc6.DLL
0x00007ff8fd0a0000 - 0x00007ff8fd0bd000 	C:\WINDOWS\SYSTEM32\dhcpcsvc.DLL
0x00007ff907dc0000 - 0x00007ff907e8b000 	C:\WINDOWS\SYSTEM32\DNSAPI.dll
0x00007ff8fa1e0000 - 0x00007ff8fa1f2000 	C:\Program Files\Java\jdk1.8.0_202\jre\bin\nio.dll
0x00007ff8fbd40000 - 0x00007ff8fbd4a000 	C:\Users\Praveen\AppData\Local\Temp\jansi-64-7884178118924612521.dll
0x00007ff903b20000 - 0x00007ff903b2d000 	C:\Program Files\Java\jdk1.8.0_202\jre\bin\management.dll
0x00007ff8f3cf0000 - 0x00007ff8f3d07000 	C:\WINDOWS\system32\napinsp.dll
0x00007ff8f22e0000 - 0x00007ff8f22fb000 	C:\WINDOWS\system32\pnrpnsp.dll
0x00007ff8f1ad0000 - 0x00007ff8f1ae5000 	C:\WINDOWS\system32\wshbth.dll
0x00007ff903d60000 - 0x00007ff903d7d000 	C:\WINDOWS\system32\NLAapi.dll
0x00007ff8f4b60000 - 0x00007ff8f4b72000 	C:\WINDOWS\System32\winrnr.dll
0x00007ff8f9410000 - 0x00007ff8f941a000 	C:\Windows\System32\rasadhlp.dll
0x00007ff8f8e30000 - 0x00007ff8f8eaf000 	C:\WINDOWS\System32\fwpuclnt.dll

VM Arguments:
jvm_args: -Dfile.encoding=UTF-8 -Xmx768M -Xms64M -Dgrails.fork.parent.process.port=50358 -Dgrails.fork.active=true -Dgrails.build.execution.context=C:\Users\Praveen\AppData\Local\Temp\jenkinspoc8492577160539129347grails-execution-context -Dgrails.home=C:\grails-2.5.4 -javaagent:C:\grails-2.5.4\lib\org.springframework\springloaded\jars\springloaded-1.2.4.RELEASE.jar -Xverify:none -Dspringloaded.synchronize=true -Djdk.reflect.allowGetCallerClass=true -Dspringloaded=profile=grails;cacheDir=C:\Users\Praveen/.grails/2.5.4/ 
java_command: org.grails.plugins.tomcat.fork.ForkedTomcatServer
java_class_path (initial): C:\Program Files\Java\jdk1.8.0_202\lib\tools.jar;C:\grails-2.5.4\lib\org.codehaus.groovy\groovy-all\jars\groovy-all-2.4.4.jar;C:\grails-2.5.4\lib\org.slf4j\jcl-over-slf4j\jars\jcl-over-slf4j-1.7.5.jar;C:\grails-2.5.4\lib\org.codehaus.gant\gant_groovy1.8\jars\gant_groovy1.8-1.9.6.jar;C:\grails-2.5.4\lib\org.apache.tomcat.embed\tomcat-embed-logging-log4j\jars\tomcat-embed-logging-log4j-7.0.50.jar;C:\grails-2.5.4\dist\grails-plugin-log4j-2.5.4.jar;C:\grails-2.5.4\lib\log4j\log4j\jars\log4j-1.2.17.jar;C:\grails-2.5.4\dist\grails-bootstrap-2.5.4.jar;C:\grails-2.5.4\lib\org.apache.ant\ant-launcher\jars\ant-launcher-1.9.4.jar;C:\grails-2.5.4\lib\org.apache.ant\ant-junit\jars\ant-junit-1.9.4.jar;C:\grails-2.5.4\lib\jline\jline\jars\jline-2.12.jar;C:\grails-2.5.4\lib\org.fusesource.jansi\jansi\jars\jansi-1.11.jar;C:\grails-2.5.4\lib\org.apache.ant\ant-trax\jars\ant-trax-1.7.1.jar;C:\grails-2.5.4\lib\org.apache.ivy\ivy\jars\ivy-2.3.0.jar;C:\grails-2.5.4\lib\org.slf4j\slf4j-api\jars\slf4j-api-1.7.5.jar;C:\grails-2.5.4\lib\org.apache.ant\ant\jars\ant-1.9.4.jar;C:\Users\Praveen\.m2\repository\org\apache\tomcat\tomcat-catalina-ant\7.0.55\tomcat-catalina-ant-7.0.55.jar;C:\Users\Praveen\.m2\repository\org\apache\tomcat\embed\tomcat-embed-jasper\7.0.55\tomcat-embed-jasper-7.0.55.jar;C:\Users\Praveen\.m2\repository\org\apache\tomcat\embed\tomcat-embed-el\7.0.55\tomcat-embed-el-7.0.55.jar;C:\Users\Praveen\.m2\repository\org\apache\tomcat\embed\tomcat-embed-logging-log4j\7.0.55\tomcat-embed-logging-log4j-7.0.55.jar;C:\Users\Praveen\.m2\repository\org\apache\tomcat\embed\tomcat-embed-websocket\7.0.55\tomcat-embed-websocket-7.0.55.jar;C:\Users\Praveen\.m2\repository\org\apache\tomcat\embed\tomcat-embed-core\7.0.55\tomcat-embed-core-7.0.55.jar;C:\Users\Praveen\.m2\repository\org\eclipse\jdt\core\compiler\ecj\3.7.2\ecj-3.7.2.jar;E:\POC\jenkinspoc\target\work\plugins\tomcat-7.0.55.3\grails-plugin-tomcat-7.0.55.3.jar;;C:\grails-2.5.4\lib\org.springframework\sprin
Launcher Type: SUN_STANDARD

Environment Variables:
JAVA_HOME=C:\Program Files\Java\jdk1.8.0_202
PATH=C:\Program Files\Common Files\Oracle\Java\javapath;C:\Program Files (x86)\Common Files\Oracle\Java\javapath;C:\WINDOWS\system32;C:\WINDOWS;C:\WINDOWS\System32\Wbem;C:\WINDOWS\System32\WindowsPowerShell\v1.0\;C:\WINDOWS\System32\OpenSSH\;C:\Program Files (x86)\Intel\Intel(R) Management Engine Components\DAL;C:\Program Files\Intel\Intel(R) Management Engine Components\DAL;C:\Program Files\Intel\WiFi\bin\;C:\Program Files\Common Files\Intel\WirelessCommon\;C:\Go\bin;C:\Program Files\nodejs\;C:\ProgramData\chocolatey\bin;C:\protoc-3.11.4-win32\bin;C:\Program Files\Java\jdk1.8.0_202\bin;C:\Program Files\MongoDB\Server\4.2\bin;C:\Users\Praveen\AppData\Local\Programs\Python\Python38\Scripts\;C:\Users\Praveen\AppData\Local\Programs\Python\Python38\;C:\Users\Praveen\AppData\Local\Microsoft\WindowsApps;C:\Users\Praveen\AppData\Local\Programs\Microsoft VS Code\bin;C:\Users\Praveen\go\bin;C:\Users\Praveen\AppData\Roaming\npm;C:\Users\Praveen\AppData\Local\Programs\Git\cmd;C:\Program Files\MongoDB\Server\4.2\bin;C:\Users\Praveen\AppData\Local\Microsoft\WindowsApps\python.exe;C:\Users\Praveen\AppData\Local\GitHubDesktop\bin;C:\Users\Praveen\Maven\apache-maven-3.6.3\bin;C:\Program Files\Java\jdk1.8.0_202\bin;C:\Gradle\gradle-5.4\bin;C:\grails-2.5.4\bin;
USERNAME=Praveen
OS=Windows_NT
PROCESSOR_IDENTIFIER=Intel64 Family 6 Model 142 Stepping 9, GenuineIntel



---------------  S Y S T E M  ---------------

OS: Windows 10.0 , 64 bit Build 19041 (10.0.19041.662)

CPU:total 4 (initial active 4) (2 cores per cpu, 2 threads per core) family 6 model 142 stepping 9, cmov, cx8, fxsr, mmx, sse, sse2, sse3, ssse3, sse4.1, sse4.2, popcnt, avx, avx2, aes, clmul, erms, 3dnowpref, lzcnt, ht, tsc, tscinvbit, bmi1, bmi2, adx

Memory: 4k page, physical 8251340k(1179728k free), swap 8251340k(38504k free)

vm_info: Java HotSpot(TM) 64-Bit Server VM (25.202-b08) for windows-amd64 JRE (1.8.0_202-b08), built on Dec 15 2018 19:54:30 by "java_re" with MS VC++ 10.0 (VS2010)

time: Tue Dec 15 11:40:55 2020
timezone: India Standard Time
elapsed time: 25 seconds (0d 0h 0m 25s)

