#
# There is insufficient memory for the Java Runtime Environment to continue.
# Native memory allocation (malloc) failed to allocate 731376 bytes for Chunk::new
# Possible reasons:
#   The system is out of physical RAM or swap space
#   The process is running with CompressedOops enabled, and the Java Heap may be blocking the growth of the native heap
# Possible solutions:
#   Reduce memory load on the system
#   Increase physical memory or swap space
#   Check if swap backing store is full
#   Decrease Java heap size (-Xmx/-Xms)
#   Decrease number of Java threads
#   Decrease Java thread stack sizes (-Xss)
#   Set larger code cache with -XX:ReservedCodeCacheSize=
#   JVM is running with Unscaled Compressed Oops mode in which the Java heap is
#     placed in the first 4GB address space. The Java Heap base address is the
#     maximum limit for the native heap growth. Please use -XX:HeapBaseMinAddress
#     to set the Java Heap base and to place the Java Heap above 4GB virtual address.
# This output file may be truncated or incomplete.
#
#  Out of Memory Error (allocation.cpp:389), pid=12588, tid=0x0000000000002524
#
# JRE version: Java(TM) SE Runtime Environment (8.0_202-b08) (build 1.8.0_202-b08)
# Java VM: Java HotSpot(TM) 64-Bit Server VM (25.202-b08 mixed mode windows-amd64 compressed oops)
# Failed to write core dump. Minidumps are not enabled by default on client versions of Windows
#

---------------  T H R E A D  ---------------

Current thread (0x0000000014ef6000):  JavaThread "C2 CompilerThread0" daemon [_thread_in_native, id=9508, stack(0x0000000016550000,0x0000000016650000)]

Stack: [0x0000000016550000,0x0000000016650000]
[error occurred during error reporting (printing stack bounds), id 0xc0000005]

Native frames: (J=compiled Java code, j=interpreted, Vv=VM code, C=native code)


Current CompileTask:
C2:  40815 5915   !   4       java.net.URLClassLoader$1::run (63 bytes)


---------------  P R O C E S S  ---------------

Java Threads: ( => current thread )
  0x0000000016f9b000 JavaThread "NonBlockingInputStreamThread" daemon [_thread_blocked, id=11720, stack(0x0000000017ad0000,0x0000000017bd0000)]
  0x0000000016888800 JavaThread "Service Thread" daemon [_thread_blocked, id=13672, stack(0x0000000016c50000,0x0000000016d50000)]
  0x0000000014f07800 JavaThread "C1 CompilerThread2" daemon [_thread_in_native, id=15592, stack(0x0000000016750000,0x0000000016850000)]
  0x0000000014efa000 JavaThread "C2 CompilerThread1" daemon [_thread_blocked, id=12812, stack(0x0000000016650000,0x0000000016750000)]
=>0x0000000014ef6000 JavaThread "C2 CompilerThread0" daemon [_thread_in_native, id=9508, stack(0x0000000016550000,0x0000000016650000)]
  0x0000000014ef3800 JavaThread "Attach Listener" daemon [_thread_blocked, id=16360, stack(0x0000000016450000,0x0000000016550000)]
  0x0000000014ef0800 JavaThread "Signal Dispatcher" daemon [_thread_blocked, id=12196, stack(0x0000000016350000,0x0000000016450000)]
  0x0000000014ed9800 JavaThread "Finalizer" daemon [_thread_blocked, id=5956, stack(0x0000000016150000,0x0000000016250000)]
  0x0000000002813800 JavaThread "Reference Handler" daemon [_thread_blocked, id=10592, stack(0x0000000016050000,0x0000000016150000)]
  0x0000000002723800 JavaThread "main" [_thread_in_vm, id=12496, stack(0x00000000025b0000,0x00000000026b0000)]

Other Threads:
  0x0000000014eb7800 VMThread [stack: 0x0000000015f50000,0x0000000016050000] [id=14972]
  0x0000000014f4d000 WatcherThread [stack: 0x0000000016d50000,0x0000000016e50000] [id=16268]

VM state:not at safepoint (normal execution)

VM Mutex/Monitor currently owned by a thread: None

heap address: 0x00000000c0000000, size: 1024 MB, Compressed Oops mode: 32-bit
Narrow klass base: 0x0000000000000000, Narrow klass shift: 3
Compressed class space size: 1073741824 Address: 0x0000000100000000

Heap:
 PSYoungGen      total 235520K, used 149018K [0x00000000eab00000, 0x00000000fb780000, 0x0000000100000000)
  eden space 202752K, 73% used [0x00000000eab00000,0x00000000f3c86880,0x00000000f7100000)
  from space 32768K, 0% used [0x00000000f9400000,0x00000000f9400000,0x00000000fb400000)
  to   space 35840K, 0% used [0x00000000f7100000,0x00000000f7100000,0x00000000f9400000)
 ParOldGen       total 412160K, used 37601K [0x00000000c0000000, 0x00000000d9280000, 0x00000000eab00000)
  object space 412160K, 9% used [0x00000000c0000000,0x00000000c24b8718,0x00000000d9280000)
 Metaspace       used 36622K, capacity 38346K, committed 38528K, reserved 1083392K
  class space    used 4370K, capacity 4964K, committed 4992K, reserved 1048576K

Card table byte_map: [0x0000000011be0000,0x0000000011df0000] byte_map_base: 0x00000000115e0000

Marking Bits: (ParMarkBitMap*) 0x000000006b7d5ce0
 Begin Bits: [0x0000000012350000, 0x0000000013350000)
 End Bits:   [0x0000000013350000, 0x0000000014350000)

Polling page: 0x0000000000d40000

CodeCache: size=245760Kb used=21472Kb max_used=21494Kb free=224287Kb
 bounds [0x0000000002820000, 0x0000000003d50000, 0x0000000011820000]
 total_blobs=5717 nmethods=5054 adapters=573
 compilation: enabled

Compilation events (10 events):
Event: 39.866 Thread 0x0000000014f07800 5938       3       com.sun.org.apache.xerces.internal.util.XMLChar::isName (23 bytes)
Event: 39.895 Thread 0x0000000014efa000 nmethod 5881 0x0000000003d2a150 code [0x0000000003d2ad00, 0x0000000003d34c68]
Event: 39.895 Thread 0x0000000014efa000 5925   !   4       groovyjarjarantlr.CharBuffer::fill (52 bytes)
Event: 39.960 Thread 0x0000000014efa000 nmethod 5925 0x0000000003d20c50 code [0x0000000003d20ec0, 0x0000000003d23a50]
Event: 39.960 Thread 0x0000000014efa000 5931       4       java.lang.Math::min (46 bytes)
Event: 39.961 Thread 0x0000000014efa000 nmethod 5931 0x00000000037baf50 code [0x00000000037bb0c0, 0x00000000037bb1b8]
Event: 40.088 Thread 0x0000000014efa000 5942       4       java.lang.Throwable::<init> (34 bytes)
Event: 40.090 Thread 0x0000000014efa000 nmethod 5942 0x0000000003b0c950 code [0x0000000003b0caa0, 0x0000000003b0cb58]
Event: 40.196 Thread 0x0000000014efa000 5943       4       java.lang.ref.SoftReference::<init> (13 bytes)
Event: 40.197 Thread 0x0000000014efa000 nmethod 5943 0x00000000031daa10 code [0x00000000031dab40, 0x00000000031dabf8]

GC Heap History (10 events):
Event: 26.490 GC heap before
{Heap before GC invocations=4 (full 1):
 PSYoungGen      total 153088K, used 136640K [0x00000000eab00000, 0x00000000f6780000, 0x0000000100000000)
  eden space 131584K, 100% used [0x00000000eab00000,0x00000000f2b80000,0x00000000f2b80000)
  from space 21504K, 23% used [0x00000000f4080000,0x00000000f4570000,0x00000000f5580000)
  to   space 21504K, 0% used [0x00000000f2b80000,0x00000000f2b80000,0x00000000f4080000)
 ParOldGen       total 349696K, used 19960K [0x00000000c0000000, 0x00000000d5580000, 0x00000000eab00000)
  object space 349696K, 5% used [0x00000000c0000000,0x00000000c137e2f0,0x00000000d5580000)
 Metaspace       used 25870K, capacity 26640K, committed 26752K, reserved 1073152K
  class space    used 2921K, capacity 3134K, committed 3200K, reserved 1048576K
Event: 26.505 GC heap after
Heap after GC invocations=4 (full 1):
 PSYoungGen      total 153088K, used 11564K [0x00000000eab00000, 0x00000000f6780000, 0x0000000100000000)
  eden space 131584K, 0% used [0x00000000eab00000,0x00000000eab00000,0x00000000f2b80000)
  from space 21504K, 53% used [0x00000000f2b80000,0x00000000f36cb318,0x00000000f4080000)
  to   space 21504K, 0% used [0x00000000f5280000,0x00000000f5280000,0x00000000f6780000)
 ParOldGen       total 349696K, used 19968K [0x00000000c0000000, 0x00000000d5580000, 0x00000000eab00000)
  object space 349696K, 5% used [0x00000000c0000000,0x00000000c13802f0,0x00000000d5580000)
 Metaspace       used 25870K, capacity 26640K, committed 26752K, reserved 1073152K
  class space    used 2921K, capacity 3134K, committed 3200K, reserved 1048576K
}
Event: 28.465 GC heap before
{Heap before GC invocations=5 (full 1):
 PSYoungGen      total 153088K, used 143148K [0x00000000eab00000, 0x00000000f6780000, 0x0000000100000000)
  eden space 131584K, 100% used [0x00000000eab00000,0x00000000f2b80000,0x00000000f2b80000)
  from space 21504K, 53% used [0x00000000f2b80000,0x00000000f36cb318,0x00000000f4080000)
  to   space 21504K, 0% used [0x00000000f5280000,0x00000000f5280000,0x00000000f6780000)
 ParOldGen       total 349696K, used 19968K [0x00000000c0000000, 0x00000000d5580000, 0x00000000eab00000)
  object space 349696K, 5% used [0x00000000c0000000,0x00000000c13802f0,0x00000000d5580000)
 Metaspace       used 28583K, capacity 30088K, committed 30208K, reserved 1075200K
  class space    used 3296K, capacity 3808K, committed 3840K, reserved 1048576K
Event: 28.505 GC heap after
Heap after GC invocations=5 (full 1):
 PSYoungGen      total 171520K, used 17357K [0x00000000eab00000, 0x00000000f7f00000, 0x0000000100000000)
  eden space 150016K, 0% used [0x00000000eab00000,0x00000000eab00000,0x00000000f3d80000)
  from space 21504K, 80% used [0x00000000f5280000,0x00000000f6373488,0x00000000f6780000)
  to   space 21504K, 0% used [0x00000000f3d80000,0x00000000f3d80000,0x00000000f5280000)
 ParOldGen       total 349696K, used 19976K [0x00000000c0000000, 0x00000000d5580000, 0x00000000eab00000)
  object space 349696K, 5% used [0x00000000c0000000,0x00000000c13822f0,0x00000000d5580000)
 Metaspace       used 28583K, capacity 30088K, committed 30208K, reserved 1075200K
  class space    used 3296K, capacity 3808K, committed 3840K, reserved 1048576K
}
Event: 32.858 GC heap before
{Heap before GC invocations=6 (full 1):
 PSYoungGen      total 171520K, used 167373K [0x00000000eab00000, 0x00000000f7f00000, 0x0000000100000000)
  eden space 150016K, 100% used [0x00000000eab00000,0x00000000f3d80000,0x00000000f3d80000)
  from space 21504K, 80% used [0x00000000f5280000,0x00000000f6373488,0x00000000f6780000)
  to   space 21504K, 0% used [0x00000000f3d80000,0x00000000f3d80000,0x00000000f5280000)
 ParOldGen       total 349696K, used 19976K [0x00000000c0000000, 0x00000000d5580000, 0x00000000eab00000)
  object space 349696K, 5% used [0x00000000c0000000,0x00000000c13822f0,0x00000000d5580000)
 Metaspace       used 31733K, capacity 33440K, committed 33536K, reserved 1079296K
  class space    used 3733K, capacity 4301K, committed 4352K, reserved 1048576K
Event: 32.917 GC heap after
Heap after GC invocations=6 (full 1):
 PSYoungGen      total 171520K, used 21488K [0x00000000eab00000, 0x00000000fb400000, 0x0000000100000000)
  eden space 150016K, 0% used [0x00000000eab00000,0x00000000eab00000,0x00000000f3d80000)
  from space 21504K, 99% used [0x00000000f3d80000,0x00000000f527c118,0x00000000f5280000)
  to   space 32768K, 0% used [0x00000000f9400000,0x00000000f9400000,0x00000000fb400000)
 ParOldGen       total 349696K, used 29104K [0x00000000c0000000, 0x00000000d5580000, 0x00000000eab00000)
  object space 349696K, 8% used [0x00000000c0000000,0x00000000c1c6c0b0,0x00000000d5580000)
 Metaspace       used 31733K, capacity 33440K, committed 33536K, reserved 1079296K
  class space    used 3733K, capacity 4301K, committed 4352K, reserved 1048576K
}
Event: 37.889 GC heap before
{Heap before GC invocations=7 (full 1):
 PSYoungGen      total 171520K, used 130466K [0x00000000eab00000, 0x00000000fb400000, 0x0000000100000000)
  eden space 150016K, 72% used [0x00000000eab00000,0x00000000f156c918,0x00000000f3d80000)
  from space 21504K, 99% used [0x00000000f3d80000,0x00000000f527c118,0x00000000f5280000)
  to   space 32768K, 0% used [0x00000000f9400000,0x00000000f9400000,0x00000000fb400000)
 ParOldGen       total 349696K, used 29104K [0x00000000c0000000, 0x00000000d5580000, 0x00000000eab00000)
  object space 349696K, 8% used [0x00000000c0000000,0x00000000c1c6c0b0,0x00000000d5580000)
 Metaspace       used 33595K, capacity 35336K, committed 35416K, reserved 1081344K
  class space    used 3963K, capacity 4559K, committed 4608K, reserved 1048576K
Event: 37.921 GC heap after
Heap after GC invocations=7 (full 1):
 PSYoungGen      total 235520K, used 26365K [0x00000000eab00000, 0x00000000fb780000, 0x0000000100000000)
  eden space 202752K, 0% used [0x00000000eab00000,0x00000000eab00000,0x00000000f7100000)
  from space 32768K, 80% used [0x00000000f9400000,0x00000000fadbf658,0x00000000fb400000)
  to   space 35840K, 0% used [0x00000000f7100000,0x00000000f7100000,0x00000000f9400000)
 ParOldGen       total 349696K, used 29112K [0x00000000c0000000, 0x00000000d5580000, 0x00000000eab00000)
  object space 349696K, 8% used [0x00000000c0000000,0x00000000c1c6e0b0,0x00000000d5580000)
 Metaspace       used 33595K, capacity 35336K, committed 35416K, reserved 1081344K
  class space    used 3963K, capacity 4559K, committed 4608K, reserved 1048576K
}
Event: 37.921 GC heap before
{Heap before GC invocations=8 (full 2):
 PSYoungGen      total 235520K, used 26365K [0x00000000eab00000, 0x00000000fb780000, 0x0000000100000000)
  eden space 202752K, 0% used [0x00000000eab00000,0x00000000eab00000,0x00000000f7100000)
  from space 32768K, 80% used [0x00000000f9400000,0x00000000fadbf658,0x00000000fb400000)
  to   space 35840K, 0% used [0x00000000f7100000,0x00000000f7100000,0x00000000f9400000)
 ParOldGen       total 349696K, used 29112K [0x00000000c0000000, 0x00000000d5580000, 0x00000000eab00000)
  object space 349696K, 8% used [0x00000000c0000000,0x00000000c1c6e0b0,0x00000000d5580000)
 Metaspace       used 33595K, capacity 35336K, committed 35416K, reserved 1081344K
  class space    used 3963K, capacity 4559K, committed 4608K, reserved 1048576K
Event: 38.094 GC heap after
Heap after GC invocations=8 (full 2):
 PSYoungGen      total 235520K, used 0K [0x00000000eab00000, 0x00000000fb780000, 0x0000000100000000)
  eden space 202752K, 0% used [0x00000000eab00000,0x00000000eab00000,0x00000000f7100000)
  from space 32768K, 0% used [0x00000000f9400000,0x00000000f9400000,0x00000000fb400000)
  to   space 35840K, 0% used [0x00000000f7100000,0x00000000f7100000,0x00000000f9400000)
 ParOldGen       total 412160K, used 37601K [0x00000000c0000000, 0x00000000d9280000, 0x00000000eab00000)
  object space 412160K, 9% used [0x00000000c0000000,0x00000000c24b8718,0x00000000d9280000)
 Metaspace       used 33595K, capacity 35336K, committed 35416K, reserved 1081344K
  class space    used 3963K, capacity 4559K, committed 4608K, reserved 1048576K
}

Deoptimization events (10 events):
Event: 39.739 Thread 0x0000000002723800 Uncommon trap: reason=class_check action=maybe_recompile pc=0x0000000003a339e8 method=org.codehaus.groovy.antlr.UnicodeEscapingReader.read()I @ 59
Event: 39.742 Thread 0x0000000002723800 Uncommon trap: reason=unstable_if action=reinterpret pc=0x0000000003c49ea8 method=java.net.URI$Parser.parse(Z)V @ 39
Event: 39.742 Thread 0x0000000002723800 Uncommon trap: reason=unstable_if action=reinterpret pc=0x0000000003c5b608 method=java.net.URI$Parser.parseHierarchical(II)I @ 10
Event: 39.827 Thread 0x0000000002723800 Uncommon trap: reason=bimorphic action=maybe_recompile pc=0x00000000037cd010 method=groovy.lang.MetaClassImpl.chooseMethodInternal(Ljava/lang/String;Ljava/lang/Object;[Ljava/lang/Class;)Ljava/lang/Object; @ 69
Event: 39.830 Thread 0x0000000002723800 Uncommon trap: reason=bimorphic action=maybe_recompile pc=0x0000000002a3ac48 method=groovy.lang.MetaClassImpl.filterPropertyMethod(Ljava/lang/Object;ZZ)Ljava/lang/Object; @ 40
Event: 39.831 Thread 0x0000000002723800 Uncommon trap: reason=bimorphic action=maybe_recompile pc=0x00000000037ea064 method=groovy.lang.MetaClassImpl.makeReplacementMetaProperty(Lgroovy/lang/MetaProperty;Ljava/lang/String;ZLgroovy/lang/MetaMethod;)Lgroovy/lang/MetaProperty; @ 15
Event: 39.831 Thread 0x0000000002723800 Uncommon trap: reason=bimorphic action=maybe_recompile pc=0x00000000032abb98 method=groovy.lang.MetaClassImpl.establishStaticMetaProperty(Lgroovy/lang/MetaProperty;)Lgroovy/lang/MetaProperty; @ 32
Event: 39.844 Thread 0x0000000002723800 Uncommon trap: reason=bimorphic action=maybe_recompile pc=0x00000000037cd010 method=groovy.lang.MetaClassImpl.chooseMethodInternal(Ljava/lang/String;Ljava/lang/Object;[Ljava/lang/Class;)Ljava/lang/Object; @ 69
Event: 40.203 Thread 0x0000000002723800 Uncommon trap: reason=bimorphic action=maybe_recompile pc=0x00000000037cd010 method=groovy.lang.MetaClassImpl.chooseMethodInternal(Ljava/lang/String;Ljava/lang/Object;[Ljava/lang/Class;)Ljava/lang/Object; @ 69
Event: 40.207 Thread 0x0000000002723800 Uncommon trap: reason=class_check action=maybe_recompile pc=0x0000000002d385b0 method=org.codehaus.groovy.reflection.CachedMethod.invoke(Ljava/lang/Object;[Ljava/lang/Object;)Ljava/lang/Object; @ 39

Classes redefined (0 events):
No events

Internal exceptions (10 events):
Event: 40.104 Thread 0x0000000002723800 Exception <a 'java/lang/ClassNotFoundException': org/slf4j/helpers/MarkerIgnoringBaseBeanInfo> (0x00000000f26e8918) thrown at [C:\re\workspace\8-2-build-windows-amd64-cygwin\jdk8u202\12323\hotspot\src\share\vm\classfile\systemDictionary.cpp, line 210]
Event: 40.106 Thread 0x0000000002723800 Exception <a 'java/lang/ClassNotFoundException': org/slf4j/helpers/NamedLoggerBaseBeanInfo> (0x00000000f271aed0) thrown at [C:\re\workspace\8-2-build-windows-amd64-cygwin\jdk8u202\12323\hotspot\src\share\vm\classfile\systemDictionary.cpp, line 210]
Event: 40.107 Thread 0x0000000002723800 Exception <a 'java/lang/ClassNotFoundException': org/slf4j/helpers/NamedLoggerBaseCustomizer> (0x00000000f274ef40) thrown at [C:\re\workspace\8-2-build-windows-amd64-cygwin\jdk8u202\12323\hotspot\src\share\vm\classfile\systemDictionary.cpp, line 210]
Event: 40.109 Thread 0x0000000002723800 Exception <a 'java/lang/ClassNotFoundException': org/slf4j/helpers/MarkerIgnoringBaseCustomizer> (0x00000000f2787888) thrown at [C:\re\workspace\8-2-build-windows-amd64-cygwin\jdk8u202\12323\hotspot\src\share\vm\classfile\systemDictionary.cpp, line 210]
Event: 40.111 Thread 0x0000000002723800 Exception <a 'java/lang/ClassNotFoundException': org/slf4j/impl/GrailsLog4jLoggerAdapterCustomizer> (0x00000000f27d9788) thrown at [C:\re\workspace\8-2-build-windows-amd64-cygwin\jdk8u202\12323\hotspot\src\share\vm\classfile\systemDictionary.cpp, line 210
Event: 40.116 Thread 0x0000000002723800 Exception <a 'java/lang/ClassNotFoundException': DefaultWebXmlConfigBeanInfo> (0x00000000f284e828) thrown at [C:\re\workspace\8-2-build-windows-amd64-cygwin\jdk8u202\12323\hotspot\src\share\vm\classfile\systemDictionary.cpp, line 210]
Event: 40.117 Thread 0x0000000002723800 Exception <a 'java/lang/ClassNotFoundException': DefaultWebXmlConfigCustomizer> (0x00000000f2880ad8) thrown at [C:\re\workspace\8-2-build-windows-amd64-cygwin\jdk8u202\12323\hotspot\src\share\vm\classfile\systemDictionary.cpp, line 210]
Event: 40.199 Thread 0x0000000002723800 Exception <a 'java/lang/ClassNotFoundException': DefaultWebXmlConfig$_run_closure1BeanInfo> (0x00000000f2930a20) thrown at [C:\re\workspace\8-2-build-windows-amd64-cygwin\jdk8u202\12323\hotspot\src\share\vm\classfile\systemDictionary.cpp, line 210]
Event: 40.201 Thread 0x0000000002723800 Exception <a 'java/lang/ClassNotFoundException': DefaultWebXmlConfig$_run_closure1Customizer> (0x00000000f296b7d8) thrown at [C:\re\workspace\8-2-build-windows-amd64-cygwin\jdk8u202\12323\hotspot\src\share\vm\classfile\systemDictionary.cpp, line 210]
Event: 40.207 Thread 0x0000000002723800 Exception <a 'java/lang/reflect/InvocationTargetException'> (0x00000000f29bfd20) thrown at [C:\re\workspace\8-2-build-windows-amd64-cygwin\jdk8u202\12323\hotspot\src\share\vm\runtime\reflection.cpp, line 1092]

Events (10 events):
Event: 40.203 Thread 0x0000000002723800 DEOPT UNPACKING pc=0x000000000286583b sp=0x000000000268f468 mode 2
Event: 40.203 loading class org/codehaus/groovy/runtime/ArrayUtil
Event: 40.203 loading class org/codehaus/groovy/runtime/ArrayUtil done
Event: 40.206 loading class WebXmlConfig
Event: 40.206 loading class WebXmlConfig done
Event: 40.207 Thread 0x0000000002723800 Uncommon trap: trap_request=0xffffffde fr.pc=0x0000000002d385b0
Event: 40.207 Thread 0x0000000002723800 DEOPT PACKING pc=0x0000000002d385b0 sp=0x0000000002693d10
Event: 40.207 Thread 0x0000000002723800 DEOPT UNPACKING pc=0x000000000286583b sp=0x0000000002693d00 mode 2
Event: 40.208 loading class WebxmlGrailsPlugin$_closure1$_closure5
Event: 40.208 loading class WebxmlGrailsPlugin$_closure1$_closure5 done


Dynamic libraries:
0x00007ff6e5980000 - 0x00007ff6e59b7000 	C:\Program Files\Java\jdk1.8.0_202\bin\java.exe
0x00007ff953d70000 - 0x00007ff953f66000 	C:\WINDOWS\SYSTEM32\ntdll.dll
0x00007ff952d90000 - 0x00007ff952e4d000 	C:\WINDOWS\System32\KERNEL32.DLL
0x00007ff951840000 - 0x00007ff951b09000 	C:\WINDOWS\System32\KERNELBASE.dll
0x00007ff9535a0000 - 0x00007ff95364c000 	C:\WINDOWS\System32\ADVAPI32.dll
0x00007ff952c90000 - 0x00007ff952d2e000 	C:\WINDOWS\System32\msvcrt.dll
0x00007ff952420000 - 0x00007ff9524bc000 	C:\WINDOWS\System32\sechost.dll
0x00007ff952a40000 - 0x00007ff952b6b000 	C:\WINDOWS\System32\RPCRT4.dll
0x00007ff9526b0000 - 0x00007ff952850000 	C:\WINDOWS\System32\USER32.dll
0x00007ff951be0000 - 0x00007ff951c02000 	C:\WINDOWS\System32\win32u.dll
0x00007ff9524c0000 - 0x00007ff9524ea000 	C:\WINDOWS\System32\GDI32.dll
0x00007ff951690000 - 0x00007ff951799000 	C:\WINDOWS\System32\gdi32full.dll
0x00007ff9517a0000 - 0x00007ff95183d000 	C:\WINDOWS\System32\msvcp_win.dll
0x00007ff951560000 - 0x00007ff951660000 	C:\WINDOWS\System32\ucrtbase.dll
0x00007ff93f200000 - 0x00007ff93f49b000 	C:\WINDOWS\WinSxS\amd64_microsoft.windows.common-controls_6595b64144ccf1df_6.0.19041.488_none_ca04af081b815d21\COMCTL32.dll
0x00007ff9536d0000 - 0x00007ff953700000 	C:\WINDOWS\System32\IMM32.DLL
0x000000006b860000 - 0x000000006b932000 	C:\Program Files\Java\jdk1.8.0_202\jre\bin\msvcr100.dll
0x000000006afb0000 - 0x000000006b855000 	C:\Program Files\Java\jdk1.8.0_202\jre\bin\server\jvm.dll
0x00007ff9536c0000 - 0x00007ff9536c8000 	C:\WINDOWS\System32\PSAPI.DLL
0x00007ff940e50000 - 0x00007ff940e77000 	C:\WINDOWS\SYSTEM32\WINMM.dll
0x00007ff93f530000 - 0x00007ff93f53a000 	C:\WINDOWS\SYSTEM32\VERSION.dll
0x00007ff93c220000 - 0x00007ff93c229000 	C:\WINDOWS\SYSTEM32\WSOCK32.dll
0x00007ff953650000 - 0x00007ff9536bb000 	C:\WINDOWS\System32\WS2_32.dll
0x00007ff940b20000 - 0x00007ff940b2f000 	C:\Program Files\Java\jdk1.8.0_202\jre\bin\verify.dll
0x00007ff9404f0000 - 0x00007ff940519000 	C:\Program Files\Java\jdk1.8.0_202\jre\bin\java.dll
0x00007ff940b00000 - 0x00007ff940b16000 	C:\Program Files\Java\jdk1.8.0_202\jre\bin\zip.dll
0x00007ff952e50000 - 0x00007ff953592000 	C:\WINDOWS\System32\SHELL32.dll
0x00007ff94f4e0000 - 0x00007ff94fc75000 	C:\WINDOWS\SYSTEM32\windows.storage.dll
0x00007ff953760000 - 0x00007ff953ab6000 	C:\WINDOWS\System32\combase.dll
0x00007ff950eb0000 - 0x00007ff950edc000 	C:\WINDOWS\SYSTEM32\Wldp.dll
0x00007ff952370000 - 0x00007ff95241e000 	C:\WINDOWS\System32\SHCORE.dll
0x00007ff952900000 - 0x00007ff952955000 	C:\WINDOWS\System32\shlwapi.dll
0x00007ff9513e0000 - 0x00007ff951406000 	C:\WINDOWS\SYSTEM32\profapi.dll
0x00007ff950da0000 - 0x00007ff950db8000 	C:\WINDOWS\SYSTEM32\CRYPTSP.dll
0x00007ff950560000 - 0x00007ff950594000 	C:\WINDOWS\system32\rsaenh.dll
0x00007ff951660000 - 0x00007ff951687000 	C:\WINDOWS\System32\bcrypt.dll
0x00007ff9513a0000 - 0x00007ff9513ce000 	C:\WINDOWS\SYSTEM32\USERENV.dll
0x00007ff951b60000 - 0x00007ff951be0000 	C:\WINDOWS\System32\bcryptprimitives.dll
0x00007ff950dc0000 - 0x00007ff950dcc000 	C:\WINDOWS\SYSTEM32\CRYPTBASE.dll
0x00007ff9407f0000 - 0x00007ff94080a000 	C:\Program Files\Java\jdk1.8.0_202\jre\bin\net.dll
0x00007ff943580000 - 0x00007ff94376d000 	C:\WINDOWS\SYSTEM32\urlmon.dll
0x00007ff943bd0000 - 0x00007ff943e80000 	C:\WINDOWS\SYSTEM32\iertutil.dll
0x00007ff950bd0000 - 0x00007ff950c3a000 	C:\WINDOWS\system32\mswsock.dll
0x00007ff9508c0000 - 0x00007ff9508fb000 	C:\WINDOWS\SYSTEM32\IPHLPAPI.DLL
0x00007ff953ac0000 - 0x00007ff953ac8000 	C:\WINDOWS\System32\NSI.dll
0x00007ff947b40000 - 0x00007ff947b57000 	C:\WINDOWS\SYSTEM32\dhcpcsvc6.DLL
0x00007ff947b80000 - 0x00007ff947b9d000 	C:\WINDOWS\SYSTEM32\dhcpcsvc.DLL
0x00007ff950900000 - 0x00007ff9509cb000 	C:\WINDOWS\SYSTEM32\DNSAPI.dll
0x00007ff9404d0000 - 0x00007ff9404e2000 	C:\Program Files\Java\jdk1.8.0_202\jre\bin\nio.dll
0x00007ff94bbc0000 - 0x00007ff94bbca000 	C:\Users\Praveen\AppData\Local\Temp\jansi-64-3068274591931126061.dll

VM Arguments:
jvm_args: -XX:PermSize=512m -XX:MaxPermSize=1024m -Xms512m -Xmx1024m -Dprogram.name= -Dgrails.home=C:\grails-2.5.4 -Dgrails.version=2.5.4 -Dbase.dir=. -Dtools.jar=C:\Program Files\Java\jdk1.8.0_202\lib\tools.jar -Dgroovy.starter.conf=C:\grails-2.5.4\conf\groovy-starter.conf 
java_command: org.codehaus.groovy.grails.cli.support.GrailsStarter --main org.codehaus.groovy.grails.cli.support.GrailsStarter --conf C:\grails-2.5.4\conf\groovy-starter.conf --classpath   war
java_class_path (initial): C:\grails-2.5.4\lib\org.codehaus.groovy\groovy-all\jars\groovy-all-2.4.4.jar;C:\grails-2.5.4\dist\grails-bootstrap-2.5.4.jar
Launcher Type: SUN_STANDARD

Environment Variables:
JAVA_HOME=C:\Program Files\Java\jdk1.8.0_202
PATH=C:\Program Files\Common Files\Oracle\Java\javapath;C:\Program Files (x86)\Common Files\Oracle\Java\javapath;C:\WINDOWS\system32;C:\WINDOWS;C:\WINDOWS\System32\Wbem;C:\WINDOWS\System32\WindowsPowerShell\v1.0\;C:\WINDOWS\System32\OpenSSH\;C:\Program Files (x86)\Intel\Intel(R) Management Engine Components\DAL;C:\Program Files\Intel\Intel(R) Management Engine Components\DAL;C:\Program Files\Intel\WiFi\bin\;C:\Program Files\Common Files\Intel\WirelessCommon\;C:\Go\bin;C:\Program Files\nodejs\;C:\ProgramData\chocolatey\bin;C:\protoc-3.11.4-win32\bin;C:\Program Files\Java\jdk1.8.0_202\bin;C:\Program Files\MongoDB\Server\4.2\bin;C:\Users\Praveen\AppData\Local\Programs\Python\Python38\Scripts\;C:\Users\Praveen\AppData\Local\Programs\Python\Python38\;C:\Users\Praveen\AppData\Local\Microsoft\WindowsApps;C:\Users\Praveen\AppData\Local\Programs\Microsoft VS Code\bin;C:\Users\Praveen\go\bin;C:\Users\Praveen\AppData\Roaming\npm;C:\Program Files\MongoDB\Server\4.2\bin;C:\Users\Praveen\AppData\Local\Microsoft\WindowsApps\python.exe;C:\Users\Praveen\AppData\Local\GitHubDesktop\bin;C:\Users\Praveen\Maven\apache-maven-3.6.3\bin;C:\Program Files\Java\jdk1.8.0_202\bin;C:\Gradle\gradle-5.4\bin;C:\grails-2.5.4\bin;C:\Users\Praveen\AppData\Local\Programs\Git\cmd
USERNAME=Praveen
OS=Windows_NT
PROCESSOR_IDENTIFIER=Intel64 Family 6 Model 142 Stepping 9, GenuineIntel



---------------  S Y S T E M  ---------------

OS: Windows 10.0 , 64 bit Build 19041 (10.0.19041.662)

CPU:total 4 (initial active 4) (2 cores per cpu, 2 threads per core) family 6 model 142 stepping 9, cmov, cx8, fxsr, mmx, sse, sse2, sse3, ssse3, sse4.1, sse4.2, popcnt, avx, avx2, aes, clmul, erms, 3dnowpref, lzcnt, ht, tsc, tscinvbit, bmi1, bmi2, adx

Memory: 4k page, physical 8251340k(1435600k free), swap 8251340k(68360k free)

vm_info: Java HotSpot(TM) 64-Bit Server VM (25.202-b08) for windows-amd64 JRE (1.8.0_202-b08), built on Dec 15 2018 19:54:30 by "java_re" with MS VC++ 10.0 (VS2010)

time: Tue Dec 15 15:57:45 2020
timezone: India Standard Time
elapsed time: 40 seconds (0d 0h 0m 40s)

